[2025-01-06 12:31:11,509][flwr][INFO] - Starting Flower simulation, config: num_rounds=100, no round_timeout
[2025-01-06 12:31:15,035][flwr][INFO] - Flower VCE: Ray initialized with resources: {'memory': 144609450599.0, 'object_store_memory': 66261193113.0, 'node:115.145.172.224': 1.0, 'node:__internal_head__': 1.0, 'GPU': 2.0, 'accelerator_type:G': 1.0, 'CPU': 256.0}
[2025-01-06 12:31:15,036][flwr][INFO] - Optimize your simulation with Flower VCE: https://flower.ai/docs/framework/how-to-run-simulations.html
[2025-01-06 12:31:15,036][flwr][INFO] - Flower VCE: Resources for each Virtual Client: {'num_cpus': 24, 'num_gpus': 0.125}
[2025-01-06 12:31:15,052][flwr][INFO] - Flower VCE: Creating VirtualClientEngineActorPool with 10 actors
[2025-01-06 12:31:15,053][flwr][INFO] - [INIT]
[2025-01-06 12:31:15,053][flwr][INFO] - Requesting initial parameters from one random client
[2025-01-06 12:31:19,965][flwr][INFO] - Received initial parameters from one random client
[2025-01-06 12:31:19,966][flwr][INFO] - Evaluating initial global parameters
[2025-01-06 12:31:26,927][flwr][INFO] - initial parameters (loss, other metrics): 223.96407437324524, {'accuracy': 0.10201695410698626}
[2025-01-06 12:31:26,927][flwr][INFO] - 
[2025-01-06 12:31:26,927][flwr][INFO] - [ROUND 1]
[2025-01-06 12:31:26,928][flwr][INFO] - configure_fit: strategy sampled 2 clients (out of 50)
[2025-01-06 12:31:30,804][flwr][INFO] - aggregate_fit: received 2 results and 0 failures
[2025-01-06 12:31:30,901][flwr][WARNING] - No fit_metrics_aggregation_fn provided
[2025-01-06 12:31:36,442][flwr][INFO] - fit progress: (1, 224.4277139902115, {'accuracy': 0.0926629640456007}, 9.514511963992845)
[2025-01-06 12:31:36,443][flwr][INFO] - configure_evaluate: strategy sampled 2 clients (out of 50)
[2025-01-06 12:31:36,788][flwr][INFO] - aggregate_evaluate: received 2 results and 0 failures
[2025-01-06 12:31:36,788][flwr][INFO] - 
[2025-01-06 12:31:36,789][flwr][INFO] - [ROUND 2]
[2025-01-06 12:31:36,789][flwr][INFO] - configure_fit: strategy sampled 2 clients (out of 50)
[2025-01-06 12:31:38,259][flwr][INFO] - aggregate_fit: received 2 results and 0 failures
[2025-01-06 12:31:43,637][flwr][INFO] - fit progress: (2, 237.13661527633667, {'accuracy': 0.14410990938322127}, 16.709974571014754)
[2025-01-06 12:31:43,638][flwr][INFO] - configure_evaluate: strategy sampled 2 clients (out of 50)
[2025-01-06 12:31:44,086][flwr][INFO] - aggregate_evaluate: received 2 results and 0 failures
[2025-01-06 12:31:44,086][flwr][INFO] - 
[2025-01-06 12:31:44,086][flwr][INFO] - [ROUND 3]
[2025-01-06 12:31:44,086][flwr][INFO] - configure_fit: strategy sampled 2 clients (out of 50)
[2025-01-06 12:31:45,146][flwr][INFO] - aggregate_fit: received 2 results and 0 failures
[2025-01-06 12:31:50,922][flwr][INFO] - fit progress: (3, 300.94249200820923, {'accuracy': 0.0710318620286466}, 23.99424212303711)
[2025-01-06 12:31:50,922][flwr][INFO] - configure_evaluate: strategy sampled 2 clients (out of 50)
[2025-01-06 12:31:51,383][flwr][INFO] - aggregate_evaluate: received 2 results and 0 failures
[2025-01-06 12:31:51,384][flwr][INFO] - 
[2025-01-06 12:31:51,384][flwr][INFO] - [ROUND 4]
[2025-01-06 12:31:51,384][flwr][INFO] - configure_fit: strategy sampled 2 clients (out of 50)
[2025-01-06 12:31:52,392][flwr][INFO] - aggregate_fit: received 2 results and 0 failures
[2025-01-06 12:31:58,484][flwr][INFO] - fit progress: (4, 334.908141374588, {'accuracy': 0.09938614440222157}, 31.556471707008313)
[2025-01-06 12:31:58,485][flwr][INFO] - configure_evaluate: strategy sampled 2 clients (out of 50)
[2025-01-06 12:31:58,918][flwr][INFO] - aggregate_evaluate: received 2 results and 0 failures
[2025-01-06 12:31:58,919][flwr][INFO] - 
[2025-01-06 12:31:58,919][flwr][INFO] - [ROUND 5]
[2025-01-06 12:31:58,919][flwr][INFO] - configure_fit: strategy sampled 2 clients (out of 50)
[2025-01-06 12:32:00,454][flwr][INFO] - aggregate_fit: received 2 results and 0 failures
[2025-01-06 12:32:05,529][flwr][INFO] - fit progress: (5, 281.6745491027832, {'accuracy': 0.310143232972815}, 38.601709542039316)
[2025-01-06 12:32:05,531][flwr][INFO] - configure_evaluate: strategy sampled 2 clients (out of 50)
[2025-01-06 12:32:05,929][flwr][INFO] - aggregate_evaluate: received 2 results and 0 failures
[2025-01-06 12:32:05,929][flwr][INFO] - 
[2025-01-06 12:32:05,929][flwr][INFO] - [ROUND 6]
[2025-01-06 12:32:05,929][flwr][INFO] - configure_fit: strategy sampled 2 clients (out of 50)
[2025-01-06 12:32:07,285][flwr][INFO] - aggregate_fit: received 2 results and 0 failures
[2025-01-06 12:32:12,730][flwr][INFO] - fit progress: (6, 263.59477734565735, {'accuracy': 0.1683718211049401}, 45.80239145003725)
[2025-01-06 12:32:12,731][flwr][INFO] - configure_evaluate: strategy sampled 2 clients (out of 50)
[2025-01-06 12:32:13,059][flwr][INFO] - aggregate_evaluate: received 2 results and 0 failures
[2025-01-06 12:32:13,059][flwr][INFO] - 
[2025-01-06 12:32:13,059][flwr][INFO] - [ROUND 7]
[2025-01-06 12:32:13,059][flwr][INFO] - configure_fit: strategy sampled 2 clients (out of 50)
[2025-01-06 12:32:14,039][flwr][INFO] - aggregate_fit: received 2 results and 0 failures
[2025-01-06 12:32:19,189][flwr][INFO] - fit progress: (7, 476.4197618961334, {'accuracy': 0.16924875767319497}, 52.262069359014276)
[2025-01-06 12:32:19,190][flwr][INFO] - configure_evaluate: strategy sampled 2 clients (out of 50)
[2025-01-06 12:32:19,492][flwr][INFO] - aggregate_evaluate: received 2 results and 0 failures
[2025-01-06 12:32:19,493][flwr][INFO] - 
[2025-01-06 12:32:19,493][flwr][INFO] - [ROUND 8]
[2025-01-06 12:32:19,493][flwr][INFO] - configure_fit: strategy sampled 2 clients (out of 50)
[2025-01-06 12:32:20,072][flwr][INFO] - aggregate_fit: received 2 results and 0 failures
[2025-01-06 12:32:24,917][flwr][INFO] - fit progress: (8, 280.53462266921997, {'accuracy': 0.16924875767319497}, 57.98929296003189)
[2025-01-06 12:32:24,919][flwr][INFO] - configure_evaluate: strategy sampled 2 clients (out of 50)
[2025-01-06 12:32:25,217][flwr][INFO] - aggregate_evaluate: received 2 results and 0 failures
[2025-01-06 12:32:25,217][flwr][INFO] - 
[2025-01-06 12:32:25,217][flwr][INFO] - [ROUND 9]
[2025-01-06 12:32:25,217][flwr][INFO] - configure_fit: strategy sampled 2 clients (out of 50)
[2025-01-06 12:32:26,979][flwr][INFO] - aggregate_fit: received 2 results and 0 failures
[2025-01-06 12:32:31,926][flwr][INFO] - fit progress: (9, 321.6590759754181, {'accuracy': 0.17480268927214265}, 64.9985329140327)
[2025-01-06 12:32:31,927][flwr][INFO] - configure_evaluate: strategy sampled 2 clients (out of 50)
[2025-01-06 12:32:32,054][flwr][ERROR] - Traceback (most recent call last):
  File "/home/abdenour/.local/lib/python3.10/site-packages/flwr/simulation/ray_transport/ray_client_proxy.py", line 94, in _submit_job
    out_mssg, updated_context = self.actor_pool.get_client_result(
  File "/home/abdenour/.local/lib/python3.10/site-packages/flwr/simulation/ray_transport/ray_actor.py", line 398, in get_client_result
    return self._fetch_future_result(cid)
  File "/home/abdenour/.local/lib/python3.10/site-packages/flwr/simulation/ray_transport/ray_actor.py", line 279, in _fetch_future_result
    res_cid, out_mssg, updated_context = ray.get(
  File "/home/abdenour/.local/lib/python3.10/site-packages/ray/_private/auto_init_hook.py", line 21, in auto_init_wrapper
    return fn(*args, **kwargs)
  File "/home/abdenour/.local/lib/python3.10/site-packages/ray/_private/client_mode_hook.py", line 103, in wrapper
    return func(*args, **kwargs)
  File "/home/abdenour/.local/lib/python3.10/site-packages/ray/_private/worker.py", line 2667, in get
    values, debugger_breakpoint = worker.get_objects(object_refs, timeout=timeout)
  File "/home/abdenour/.local/lib/python3.10/site-packages/ray/_private/worker.py", line 864, in get_objects
    raise value.as_instanceof_cause()
ray.exceptions.RayTaskError(ClientAppException): [36mray::ClientAppActor.run()[39m (pid=1504697, ip=115.145.172.224, actor_id=409f3581b9382d3d058a59fa01000000, repr=<flwr.simulation.ray_transport.ray_actor.ClientAppActor object at 0x7f7e5438d930>)
  File "/home/abdenour/.local/lib/python3.10/site-packages/flwr/client/client_app.py", line 143, in __call__
    return self._call(message, context)
  File "/home/abdenour/.local/lib/python3.10/site-packages/flwr/client/client_app.py", line 126, in ffn
    out_message = handle_legacy_message_from_msgtype(
  File "/home/abdenour/.local/lib/python3.10/site-packages/flwr/client/message_handler/message_handler.py", line 95, in handle_legacy_message_from_msgtype
    client = client_fn(context)
  File "/home/abdenour/SecurityAnalysisFL/src/modules/client.py", line 135, in client_fn
    client_dataset_splits = client_dataset.train_test_split(test_size=0.1, seed=42)
  File "/home/abdenour/.local/lib/python3.10/site-packages/datasets/arrow_dataset.py", line 567, in wrapper
    out: Union["Dataset", "DatasetDict"] = func(self, *args, **kwargs)
  File "/home/abdenour/.local/lib/python3.10/site-packages/datasets/fingerprint.py", line 482, in wrapper
    out = func(dataset, *args, **kwargs)
  File "/home/abdenour/.local/lib/python3.10/site-packages/datasets/arrow_dataset.py", line 4587, in train_test_split
    raise ValueError(
ValueError: With n_samples=1, test_size=0.1 and train_size=None, the resulting train set will be empty. Adjust any of the aforementioned parameters.

The above exception was the direct cause of the following exception:

[36mray::ClientAppActor.run()[39m (pid=1504697, ip=115.145.172.224, actor_id=409f3581b9382d3d058a59fa01000000, repr=<flwr.simulation.ray_transport.ray_actor.ClientAppActor object at 0x7f7e5438d930>)
  File "/home/abdenour/.local/lib/python3.10/site-packages/flwr/simulation/ray_transport/ray_actor.py", line 63, in run
    raise ClientAppException(str(ex)) from ex
flwr.client.client_app.ClientAppException: 
Exception ClientAppException occurred. Message: With n_samples=1, test_size=0.1 and train_size=None, the resulting train set will be empty. Adjust any of the aforementioned parameters.

[2025-01-06 12:32:32,054][flwr][ERROR] - [36mray::ClientAppActor.run()[39m (pid=1504697, ip=115.145.172.224, actor_id=409f3581b9382d3d058a59fa01000000, repr=<flwr.simulation.ray_transport.ray_actor.ClientAppActor object at 0x7f7e5438d930>)
  File "/home/abdenour/.local/lib/python3.10/site-packages/flwr/client/client_app.py", line 143, in __call__
    return self._call(message, context)
  File "/home/abdenour/.local/lib/python3.10/site-packages/flwr/client/client_app.py", line 126, in ffn
    out_message = handle_legacy_message_from_msgtype(
  File "/home/abdenour/.local/lib/python3.10/site-packages/flwr/client/message_handler/message_handler.py", line 95, in handle_legacy_message_from_msgtype
    client = client_fn(context)
  File "/home/abdenour/SecurityAnalysisFL/src/modules/client.py", line 135, in client_fn
    client_dataset_splits = client_dataset.train_test_split(test_size=0.1, seed=42)
  File "/home/abdenour/.local/lib/python3.10/site-packages/datasets/arrow_dataset.py", line 567, in wrapper
    out: Union["Dataset", "DatasetDict"] = func(self, *args, **kwargs)
  File "/home/abdenour/.local/lib/python3.10/site-packages/datasets/fingerprint.py", line 482, in wrapper
    out = func(dataset, *args, **kwargs)
  File "/home/abdenour/.local/lib/python3.10/site-packages/datasets/arrow_dataset.py", line 4587, in train_test_split
    raise ValueError(
ValueError: With n_samples=1, test_size=0.1 and train_size=None, the resulting train set will be empty. Adjust any of the aforementioned parameters.

The above exception was the direct cause of the following exception:

[36mray::ClientAppActor.run()[39m (pid=1504697, ip=115.145.172.224, actor_id=409f3581b9382d3d058a59fa01000000, repr=<flwr.simulation.ray_transport.ray_actor.ClientAppActor object at 0x7f7e5438d930>)
  File "/home/abdenour/.local/lib/python3.10/site-packages/flwr/simulation/ray_transport/ray_actor.py", line 63, in run
    raise ClientAppException(str(ex)) from ex
flwr.client.client_app.ClientAppException: 
Exception ClientAppException occurred. Message: With n_samples=1, test_size=0.1 and train_size=None, the resulting train set will be empty. Adjust any of the aforementioned parameters.
[2025-01-06 12:32:32,337][flwr][INFO] - aggregate_evaluate: received 1 results and 1 failures
[2025-01-06 12:32:32,337][flwr][INFO] - 
[2025-01-06 12:32:32,338][flwr][INFO] - [ROUND 10]
[2025-01-06 12:32:32,338][flwr][INFO] - configure_fit: strategy sampled 2 clients (out of 50)
[2025-01-06 12:32:32,402][flwr][ERROR] - Traceback (most recent call last):
  File "/home/abdenour/.local/lib/python3.10/site-packages/flwr/simulation/ray_transport/ray_client_proxy.py", line 94, in _submit_job
    out_mssg, updated_context = self.actor_pool.get_client_result(
  File "/home/abdenour/.local/lib/python3.10/site-packages/flwr/simulation/ray_transport/ray_actor.py", line 398, in get_client_result
    return self._fetch_future_result(cid)
  File "/home/abdenour/.local/lib/python3.10/site-packages/flwr/simulation/ray_transport/ray_actor.py", line 279, in _fetch_future_result
    res_cid, out_mssg, updated_context = ray.get(
  File "/home/abdenour/.local/lib/python3.10/site-packages/ray/_private/auto_init_hook.py", line 21, in auto_init_wrapper
    return fn(*args, **kwargs)
  File "/home/abdenour/.local/lib/python3.10/site-packages/ray/_private/client_mode_hook.py", line 103, in wrapper
    return func(*args, **kwargs)
  File "/home/abdenour/.local/lib/python3.10/site-packages/ray/_private/worker.py", line 2667, in get
    values, debugger_breakpoint = worker.get_objects(object_refs, timeout=timeout)
  File "/home/abdenour/.local/lib/python3.10/site-packages/ray/_private/worker.py", line 864, in get_objects
    raise value.as_instanceof_cause()
ray.exceptions.RayTaskError(ClientAppException): [36mray::ClientAppActor.run()[39m (pid=1504698, ip=115.145.172.224, actor_id=03a138abf811666245eb286201000000, repr=<flwr.simulation.ray_transport.ray_actor.ClientAppActor object at 0x7f6670789a50>)
  File "/home/abdenour/.local/lib/python3.10/site-packages/flwr/client/client_app.py", line 143, in __call__
    return self._call(message, context)
  File "/home/abdenour/.local/lib/python3.10/site-packages/flwr/client/client_app.py", line 126, in ffn
    out_message = handle_legacy_message_from_msgtype(
  File "/home/abdenour/.local/lib/python3.10/site-packages/flwr/client/message_handler/message_handler.py", line 95, in handle_legacy_message_from_msgtype
    client = client_fn(context)
  File "/home/abdenour/SecurityAnalysisFL/src/modules/client.py", line 135, in client_fn
    client_dataset_splits = client_dataset.train_test_split(test_size=0.1, seed=42)
  File "/home/abdenour/.local/lib/python3.10/site-packages/datasets/arrow_dataset.py", line 567, in wrapper
    out: Union["Dataset", "DatasetDict"] = func(self, *args, **kwargs)
  File "/home/abdenour/.local/lib/python3.10/site-packages/datasets/fingerprint.py", line 482, in wrapper
    out = func(dataset, *args, **kwargs)
  File "/home/abdenour/.local/lib/python3.10/site-packages/datasets/arrow_dataset.py", line 4587, in train_test_split
    raise ValueError(
ValueError: With n_samples=1, test_size=0.1 and train_size=None, the resulting train set will be empty. Adjust any of the aforementioned parameters.

The above exception was the direct cause of the following exception:

[36mray::ClientAppActor.run()[39m (pid=1504698, ip=115.145.172.224, actor_id=03a138abf811666245eb286201000000, repr=<flwr.simulation.ray_transport.ray_actor.ClientAppActor object at 0x7f6670789a50>)
  File "/home/abdenour/.local/lib/python3.10/site-packages/flwr/simulation/ray_transport/ray_actor.py", line 63, in run
    raise ClientAppException(str(ex)) from ex
flwr.client.client_app.ClientAppException: 
Exception ClientAppException occurred. Message: With n_samples=1, test_size=0.1 and train_size=None, the resulting train set will be empty. Adjust any of the aforementioned parameters.

[2025-01-06 12:32:32,403][flwr][ERROR] - [36mray::ClientAppActor.run()[39m (pid=1504698, ip=115.145.172.224, actor_id=03a138abf811666245eb286201000000, repr=<flwr.simulation.ray_transport.ray_actor.ClientAppActor object at 0x7f6670789a50>)
  File "/home/abdenour/.local/lib/python3.10/site-packages/flwr/client/client_app.py", line 143, in __call__
    return self._call(message, context)
  File "/home/abdenour/.local/lib/python3.10/site-packages/flwr/client/client_app.py", line 126, in ffn
    out_message = handle_legacy_message_from_msgtype(
  File "/home/abdenour/.local/lib/python3.10/site-packages/flwr/client/message_handler/message_handler.py", line 95, in handle_legacy_message_from_msgtype
    client = client_fn(context)
  File "/home/abdenour/SecurityAnalysisFL/src/modules/client.py", line 135, in client_fn
    client_dataset_splits = client_dataset.train_test_split(test_size=0.1, seed=42)
  File "/home/abdenour/.local/lib/python3.10/site-packages/datasets/arrow_dataset.py", line 567, in wrapper
    out: Union["Dataset", "DatasetDict"] = func(self, *args, **kwargs)
  File "/home/abdenour/.local/lib/python3.10/site-packages/datasets/fingerprint.py", line 482, in wrapper
    out = func(dataset, *args, **kwargs)
  File "/home/abdenour/.local/lib/python3.10/site-packages/datasets/arrow_dataset.py", line 4587, in train_test_split
    raise ValueError(
ValueError: With n_samples=1, test_size=0.1 and train_size=None, the resulting train set will be empty. Adjust any of the aforementioned parameters.

The above exception was the direct cause of the following exception:

[36mray::ClientAppActor.run()[39m (pid=1504698, ip=115.145.172.224, actor_id=03a138abf811666245eb286201000000, repr=<flwr.simulation.ray_transport.ray_actor.ClientAppActor object at 0x7f6670789a50>)
  File "/home/abdenour/.local/lib/python3.10/site-packages/flwr/simulation/ray_transport/ray_actor.py", line 63, in run
    raise ClientAppException(str(ex)) from ex
flwr.client.client_app.ClientAppException: 
Exception ClientAppException occurred. Message: With n_samples=1, test_size=0.1 and train_size=None, the resulting train set will be empty. Adjust any of the aforementioned parameters.
[2025-01-06 12:32:32,876][flwr][INFO] - aggregate_fit: received 1 results and 1 failures
[2025-01-06 12:32:37,846][flwr][INFO] - fit progress: (10, 209.41858851909637, {'accuracy': 0.2315112540192926}, 70.91878767800517)
[2025-01-06 12:32:37,847][flwr][INFO] - configure_evaluate: strategy sampled 2 clients (out of 50)
[2025-01-06 12:32:38,230][flwr][INFO] - aggregate_evaluate: received 2 results and 0 failures
[2025-01-06 12:32:38,230][flwr][INFO] - 
[2025-01-06 12:32:38,230][flwr][INFO] - [ROUND 11]
[2025-01-06 12:32:38,231][flwr][INFO] - configure_fit: strategy sampled 2 clients (out of 50)
[2025-01-06 12:32:39,827][flwr][INFO] - aggregate_fit: received 2 results and 0 failures
[2025-01-06 12:32:44,620][flwr][INFO] - fit progress: (11, 250.8076639175415, {'accuracy': 0.3250511546331482}, 77.69243026903132)
[2025-01-06 12:32:44,621][flwr][INFO] - configure_evaluate: strategy sampled 2 clients (out of 50)
[2025-01-06 12:32:45,075][flwr][INFO] - aggregate_evaluate: received 2 results and 0 failures
[2025-01-06 12:32:45,075][flwr][INFO] - 
[2025-01-06 12:32:45,075][flwr][INFO] - [ROUND 12]
[2025-01-06 12:32:45,075][flwr][INFO] - configure_fit: strategy sampled 2 clients (out of 50)
[2025-01-06 12:32:46,071][flwr][INFO] - aggregate_fit: received 2 results and 0 failures
[2025-01-06 12:32:50,951][flwr][INFO] - fit progress: (12, 274.3080567121506, {'accuracy': 0.17567962584039754}, 84.02378525800304)
[2025-01-06 12:32:50,951][flwr][INFO] - configure_evaluate: strategy sampled 2 clients (out of 50)
[2025-01-06 12:32:51,268][flwr][INFO] - aggregate_evaluate: received 2 results and 0 failures
[2025-01-06 12:32:51,268][flwr][INFO] - 
[2025-01-06 12:32:51,268][flwr][INFO] - [ROUND 13]
[2025-01-06 12:32:51,268][flwr][INFO] - configure_fit: strategy sampled 2 clients (out of 50)
[2025-01-06 12:32:53,136][flwr][INFO] - aggregate_fit: received 2 results and 0 failures
[2025-01-06 12:32:57,961][flwr][INFO] - fit progress: (13, 305.97626888751984, {'accuracy': 0.4890382928968138}, 91.03329534101067)
[2025-01-06 12:32:57,961][flwr][INFO] - configure_evaluate: strategy sampled 2 clients (out of 50)
[2025-01-06 12:32:58,456][flwr][INFO] - aggregate_evaluate: received 2 results and 0 failures
[2025-01-06 12:32:58,456][flwr][INFO] - 
[2025-01-06 12:32:58,456][flwr][INFO] - [ROUND 14]
[2025-01-06 12:32:58,456][flwr][INFO] - configure_fit: strategy sampled 2 clients (out of 50)
[2025-01-06 12:32:59,113][flwr][INFO] - aggregate_fit: received 2 results and 0 failures
[2025-01-06 12:33:05,436][flwr][INFO] - fit progress: (14, 255.75943231582642, {'accuracy': 0.48640748319204913}, 98.50848801899701)
[2025-01-06 12:33:05,436][flwr][INFO] - configure_evaluate: strategy sampled 2 clients (out of 50)
[2025-01-06 12:33:05,807][flwr][INFO] - aggregate_evaluate: received 2 results and 0 failures
[2025-01-06 12:33:05,807][flwr][INFO] - 
[2025-01-06 12:33:05,807][flwr][INFO] - [ROUND 15]
[2025-01-06 12:33:05,807][flwr][INFO] - configure_fit: strategy sampled 2 clients (out of 50)
[2025-01-06 12:33:07,136][flwr][INFO] - aggregate_fit: received 2 results and 0 failures
[2025-01-06 12:33:12,039][flwr][INFO] - fit progress: (15, 211.0266649723053, {'accuracy': 0.32066647179187374}, 105.11134643101832)
[2025-01-06 12:33:12,039][flwr][INFO] - configure_evaluate: strategy sampled 2 clients (out of 50)
[2025-01-06 12:33:12,434][flwr][INFO] - aggregate_evaluate: received 2 results and 0 failures
[2025-01-06 12:33:12,434][flwr][INFO] - 
[2025-01-06 12:33:12,434][flwr][INFO] - [ROUND 16]
[2025-01-06 12:33:12,435][flwr][INFO] - configure_fit: strategy sampled 2 clients (out of 50)
[2025-01-06 12:33:14,767][flwr][INFO] - aggregate_fit: received 2 results and 0 failures
[2025-01-06 12:33:19,527][flwr][INFO] - fit progress: (16, 248.8086279630661, {'accuracy': 0.323881905875475}, 112.59988363500452)
[2025-01-06 12:33:19,528][flwr][INFO] - configure_evaluate: strategy sampled 2 clients (out of 50)
[2025-01-06 12:33:20,021][flwr][INFO] - aggregate_evaluate: received 2 results and 0 failures
[2025-01-06 12:33:20,022][flwr][INFO] - 
[2025-01-06 12:33:20,022][flwr][INFO] - [ROUND 17]
[2025-01-06 12:33:20,022][flwr][INFO] - configure_fit: strategy sampled 2 clients (out of 50)
[2025-01-06 12:33:21,591][flwr][INFO] - aggregate_fit: received 2 results and 0 failures
[2025-01-06 12:33:26,291][flwr][INFO] - fit progress: (17, 214.61651074886322, {'accuracy': 0.21455714703303128}, 119.36391461302992)
[2025-01-06 12:33:26,292][flwr][INFO] - configure_evaluate: strategy sampled 2 clients (out of 50)
[2025-01-06 12:33:26,636][flwr][INFO] - aggregate_evaluate: received 2 results and 0 failures
[2025-01-06 12:33:26,636][flwr][INFO] - 
[2025-01-06 12:33:26,636][flwr][INFO] - [ROUND 18]
[2025-01-06 12:33:26,636][flwr][INFO] - configure_fit: strategy sampled 2 clients (out of 50)
[2025-01-06 12:33:29,062][flwr][INFO] - aggregate_fit: received 2 results and 0 failures
[2025-01-06 12:33:33,841][flwr][INFO] - fit progress: (18, 249.9920028448105, {'accuracy': 0.35428237357497805}, 126.913590717013)
[2025-01-06 12:33:33,841][flwr][INFO] - configure_evaluate: strategy sampled 2 clients (out of 50)
[2025-01-06 12:33:34,267][flwr][INFO] - aggregate_evaluate: received 2 results and 0 failures
[2025-01-06 12:33:34,267][flwr][INFO] - 
[2025-01-06 12:33:34,267][flwr][INFO] - [ROUND 19]
[2025-01-06 12:33:34,267][flwr][INFO] - configure_fit: strategy sampled 2 clients (out of 50)
[2025-01-06 12:33:34,816][flwr][INFO] - aggregate_fit: received 2 results and 0 failures
[2025-01-06 12:33:39,651][flwr][INFO] - fit progress: (19, 218.8132117986679, {'accuracy': 0.4174218064893306}, 132.7236348130391)
[2025-01-06 12:33:39,652][flwr][INFO] - configure_evaluate: strategy sampled 2 clients (out of 50)
[2025-01-06 12:33:40,039][flwr][INFO] - aggregate_evaluate: received 2 results and 0 failures
[2025-01-06 12:33:40,039][flwr][INFO] - 
[2025-01-06 12:33:40,039][flwr][INFO] - [ROUND 20]
[2025-01-06 12:33:40,039][flwr][INFO] - configure_fit: strategy sampled 2 clients (out of 50)
[2025-01-06 12:33:41,454][flwr][INFO] - aggregate_fit: received 2 results and 0 failures
[2025-01-06 12:33:46,307][flwr][INFO] - fit progress: (20, 170.53945100307465, {'accuracy': 0.4913767904121602}, 139.38002758700168)
[2025-01-06 12:33:46,308][flwr][INFO] - configure_evaluate: strategy sampled 2 clients (out of 50)
[2025-01-06 12:33:46,834][flwr][INFO] - aggregate_evaluate: received 2 results and 0 failures
[2025-01-06 12:33:46,834][flwr][INFO] - 
[2025-01-06 12:33:46,834][flwr][INFO] - [ROUND 21]
[2025-01-06 12:33:46,834][flwr][INFO] - configure_fit: strategy sampled 2 clients (out of 50)
[2025-01-06 12:33:48,269][flwr][INFO] - aggregate_fit: received 2 results and 0 failures
[2025-01-06 12:33:53,046][flwr][INFO] - fit progress: (21, 149.60203450918198, {'accuracy': 0.5890090616778719}, 146.1187420450151)
[2025-01-06 12:33:53,047][flwr][INFO] - configure_evaluate: strategy sampled 2 clients (out of 50)
[2025-01-06 12:33:53,552][flwr][INFO] - aggregate_evaluate: received 2 results and 0 failures
[2025-01-06 12:33:53,553][flwr][INFO] - 
[2025-01-06 12:33:53,553][flwr][INFO] - [ROUND 22]
[2025-01-06 12:33:53,553][flwr][INFO] - configure_fit: strategy sampled 2 clients (out of 50)
[2025-01-06 12:33:57,290][flwr][INFO] - aggregate_fit: received 2 results and 0 failures
[2025-01-06 12:34:02,162][flwr][INFO] - fit progress: (22, 229.30369627475739, {'accuracy': 0.6270096463022508}, 155.2346879990073)
[2025-01-06 12:34:02,163][flwr][INFO] - configure_evaluate: strategy sampled 2 clients (out of 50)
[2025-01-06 12:34:02,554][flwr][INFO] - aggregate_evaluate: received 2 results and 0 failures
[2025-01-06 12:34:02,554][flwr][INFO] - 
[2025-01-06 12:34:02,554][flwr][INFO] - [ROUND 23]
[2025-01-06 12:34:02,555][flwr][INFO] - configure_fit: strategy sampled 2 clients (out of 50)
[2025-01-06 12:34:03,744][flwr][INFO] - aggregate_fit: received 2 results and 0 failures
[2025-01-06 12:34:09,134][flwr][INFO] - fit progress: (23, 233.80477225780487, {'accuracy': 0.4238526746565332}, 162.20676342200022)
[2025-01-06 12:34:09,134][flwr][INFO] - configure_evaluate: strategy sampled 2 clients (out of 50)
[2025-01-06 12:34:09,618][flwr][INFO] - aggregate_evaluate: received 2 results and 0 failures
[2025-01-06 12:34:09,618][flwr][INFO] - 
[2025-01-06 12:34:09,618][flwr][INFO] - [ROUND 24]
[2025-01-06 12:34:09,618][flwr][INFO] - configure_fit: strategy sampled 2 clients (out of 50)
[2025-01-06 12:34:10,814][flwr][INFO] - aggregate_fit: received 2 results and 0 failures
[2025-01-06 12:34:15,629][flwr][INFO] - fit progress: (24, 334.7768335342407, {'accuracy': 0.28821981876644254}, 168.70180565601913)
[2025-01-06 12:34:15,630][flwr][INFO] - configure_evaluate: strategy sampled 2 clients (out of 50)
[2025-01-06 12:34:15,968][flwr][INFO] - aggregate_evaluate: received 2 results and 0 failures
[2025-01-06 12:34:15,969][flwr][INFO] - 
[2025-01-06 12:34:15,969][flwr][INFO] - [ROUND 25]
[2025-01-06 12:34:15,969][flwr][INFO] - configure_fit: strategy sampled 2 clients (out of 50)
[2025-01-06 12:34:16,705][flwr][INFO] - aggregate_fit: received 2 results and 0 failures
[2025-01-06 12:34:21,544][flwr][INFO] - fit progress: (25, 198.49998247623444, {'accuracy': 0.4314527915814089}, 174.61691150302067)
[2025-01-06 12:34:21,545][flwr][INFO] - configure_evaluate: strategy sampled 2 clients (out of 50)
[2025-01-06 12:34:21,917][flwr][INFO] - aggregate_evaluate: received 2 results and 0 failures
[2025-01-06 12:34:21,918][flwr][INFO] - 
[2025-01-06 12:34:21,918][flwr][INFO] - [ROUND 26]
[2025-01-06 12:34:21,918][flwr][INFO] - configure_fit: strategy sampled 2 clients (out of 50)
[2025-01-06 12:34:23,939][flwr][INFO] - aggregate_fit: received 2 results and 0 failures
[2025-01-06 12:34:28,789][flwr][INFO] - fit progress: (26, 399.3673725128174, {'accuracy': 0.36451330020461853}, 181.86128010699758)
[2025-01-06 12:34:28,789][flwr][INFO] - configure_evaluate: strategy sampled 2 clients (out of 50)
[2025-01-06 12:34:29,195][flwr][INFO] - aggregate_evaluate: received 2 results and 0 failures
[2025-01-06 12:34:29,195][flwr][INFO] - 
[2025-01-06 12:34:29,195][flwr][INFO] - [ROUND 27]
[2025-01-06 12:34:29,195][flwr][INFO] - configure_fit: strategy sampled 2 clients (out of 50)
[2025-01-06 12:34:29,882][flwr][INFO] - aggregate_fit: received 2 results and 0 failures
[2025-01-06 12:34:34,776][flwr][INFO] - fit progress: (27, 270.7463289499283, {'accuracy': 0.2972814966384098}, 187.84846204303904)
[2025-01-06 12:34:34,777][flwr][INFO] - configure_evaluate: strategy sampled 2 clients (out of 50)
[2025-01-06 12:34:35,320][flwr][INFO] - aggregate_evaluate: received 2 results and 0 failures
[2025-01-06 12:34:35,320][flwr][INFO] - 
[2025-01-06 12:34:35,320][flwr][INFO] - [ROUND 28]
[2025-01-06 12:34:35,321][flwr][INFO] - configure_fit: strategy sampled 2 clients (out of 50)
[2025-01-06 12:34:37,318][flwr][INFO] - aggregate_fit: received 2 results and 0 failures
[2025-01-06 12:34:42,202][flwr][INFO] - fit progress: (28, 193.84845995903015, {'accuracy': 0.30371236480561237}, 195.27450162702007)
[2025-01-06 12:34:42,202][flwr][INFO] - configure_evaluate: strategy sampled 2 clients (out of 50)
[2025-01-06 12:34:42,516][flwr][INFO] - aggregate_evaluate: received 2 results and 0 failures
[2025-01-06 12:34:42,516][flwr][INFO] - 
[2025-01-06 12:34:42,516][flwr][INFO] - [ROUND 29]
[2025-01-06 12:34:42,516][flwr][INFO] - configure_fit: strategy sampled 2 clients (out of 50)
[2025-01-06 12:34:42,929][flwr][INFO] - aggregate_fit: received 2 results and 0 failures
[2025-01-06 12:34:47,706][flwr][INFO] - fit progress: (29, 196.72299480438232, {'accuracy': 0.35135925168079507}, 200.77871000999585)
[2025-01-06 12:34:47,706][flwr][INFO] - configure_evaluate: strategy sampled 2 clients (out of 50)
[2025-01-06 12:34:48,059][flwr][INFO] - aggregate_evaluate: received 2 results and 0 failures
[2025-01-06 12:34:48,059][flwr][INFO] - 
[2025-01-06 12:34:48,059][flwr][INFO] - [ROUND 30]
[2025-01-06 12:34:48,059][flwr][INFO] - configure_fit: strategy sampled 2 clients (out of 50)
[2025-01-06 12:34:48,642][flwr][INFO] - aggregate_fit: received 2 results and 0 failures
[2025-01-06 12:34:53,479][flwr][INFO] - fit progress: (30, 176.85008335113525, {'accuracy': 0.3893598363051739}, 206.55134144803742)
[2025-01-06 12:34:53,479][flwr][INFO] - configure_evaluate: strategy sampled 2 clients (out of 50)
[2025-01-06 12:34:53,782][flwr][INFO] - aggregate_evaluate: received 2 results and 0 failures
[2025-01-06 12:34:53,783][flwr][INFO] - 
[2025-01-06 12:34:53,783][flwr][INFO] - [ROUND 31]
[2025-01-06 12:34:53,783][flwr][INFO] - configure_fit: strategy sampled 2 clients (out of 50)
[2025-01-06 12:34:55,516][flwr][INFO] - aggregate_fit: received 2 results and 0 failures
[2025-01-06 12:35:00,312][flwr][INFO] - fit progress: (31, 357.68864130973816, {'accuracy': 0.35895936860567085}, 213.3847356379847)
[2025-01-06 12:35:00,313][flwr][INFO] - configure_evaluate: strategy sampled 2 clients (out of 50)
[2025-01-06 12:35:00,749][flwr][INFO] - aggregate_evaluate: received 2 results and 0 failures
[2025-01-06 12:35:00,750][flwr][INFO] - 
[2025-01-06 12:35:00,750][flwr][INFO] - [ROUND 32]
[2025-01-06 12:35:00,750][flwr][INFO] - configure_fit: strategy sampled 2 clients (out of 50)
[2025-01-06 12:35:01,742][flwr][INFO] - aggregate_fit: received 2 results and 0 failures
[2025-01-06 12:35:07,032][flwr][INFO] - fit progress: (32, 256.4712145328522, {'accuracy': 0.2531423560362467}, 220.10453551000683)
[2025-01-06 12:35:07,033][flwr][INFO] - configure_evaluate: strategy sampled 2 clients (out of 50)
[2025-01-06 12:35:07,376][flwr][INFO] - aggregate_evaluate: received 2 results and 0 failures
[2025-01-06 12:35:07,376][flwr][INFO] - 
[2025-01-06 12:35:07,376][flwr][INFO] - [ROUND 33]
[2025-01-06 12:35:07,376][flwr][INFO] - configure_fit: strategy sampled 2 clients (out of 50)
[2025-01-06 12:35:08,238][flwr][INFO] - aggregate_fit: received 2 results and 0 failures
[2025-01-06 12:35:13,040][flwr][INFO] - fit progress: (33, 193.60586786270142, {'accuracy': 0.22011107863197896}, 226.11239409603877)
[2025-01-06 12:35:13,040][flwr][INFO] - configure_evaluate: strategy sampled 2 clients (out of 50)
[2025-01-06 12:35:13,491][flwr][INFO] - aggregate_evaluate: received 2 results and 0 failures
[2025-01-06 12:35:13,491][flwr][INFO] - 
[2025-01-06 12:35:13,491][flwr][INFO] - [ROUND 34]
[2025-01-06 12:35:13,491][flwr][INFO] - configure_fit: strategy sampled 2 clients (out of 50)
[2025-01-06 12:35:14,437][flwr][INFO] - aggregate_fit: received 2 results and 0 failures
[2025-01-06 12:35:19,202][flwr][INFO] - fit progress: (34, 174.93598794937134, {'accuracy': 0.3422975738088278}, 232.27451953903073)
[2025-01-06 12:35:19,203][flwr][INFO] - configure_evaluate: strategy sampled 2 clients (out of 50)
[2025-01-06 12:35:19,496][flwr][INFO] - aggregate_evaluate: received 2 results and 0 failures
[2025-01-06 12:35:19,496][flwr][INFO] - 
[2025-01-06 12:35:19,496][flwr][INFO] - [ROUND 35]
[2025-01-06 12:35:19,496][flwr][INFO] - configure_fit: strategy sampled 2 clients (out of 50)
[2025-01-06 12:35:22,512][flwr][INFO] - aggregate_fit: received 2 results and 0 failures
[2025-01-06 12:35:27,344][flwr][INFO] - fit progress: (35, 301.5468351840973, {'accuracy': 0.551885413621748}, 240.4168165459996)
[2025-01-06 12:35:27,345][flwr][INFO] - configure_evaluate: strategy sampled 2 clients (out of 50)
[2025-01-06 12:35:27,707][flwr][INFO] - aggregate_evaluate: received 2 results and 0 failures
[2025-01-06 12:35:27,707][flwr][INFO] - 
[2025-01-06 12:35:27,707][flwr][INFO] - [ROUND 36]
[2025-01-06 12:35:27,707][flwr][INFO] - configure_fit: strategy sampled 2 clients (out of 50)
[2025-01-06 12:35:28,425][flwr][INFO] - aggregate_fit: received 2 results and 0 failures
[2025-01-06 12:35:33,278][flwr][INFO] - fit progress: (36, 283.0648707151413, {'accuracy': 0.34375913475591935}, 246.35092024400365)
[2025-01-06 12:35:33,279][flwr][INFO] - configure_evaluate: strategy sampled 2 clients (out of 50)
[2025-01-06 12:35:33,570][flwr][INFO] - aggregate_evaluate: received 2 results and 0 failures
[2025-01-06 12:35:33,571][flwr][INFO] - 
[2025-01-06 12:35:33,571][flwr][INFO] - [ROUND 37]
[2025-01-06 12:35:33,571][flwr][INFO] - configure_fit: strategy sampled 2 clients (out of 50)
[2025-01-06 12:35:34,155][flwr][INFO] - aggregate_fit: received 2 results and 0 failures
[2025-01-06 12:35:39,156][flwr][INFO] - fit progress: (37, 530.8687825202942, {'accuracy': 0.11429406606255481}, 252.22829389903927)
[2025-01-06 12:35:39,156][flwr][INFO] - configure_evaluate: strategy sampled 2 clients (out of 50)
[2025-01-06 12:35:39,603][flwr][INFO] - aggregate_evaluate: received 2 results and 0 failures
[2025-01-06 12:35:39,603][flwr][INFO] - 
[2025-01-06 12:35:39,603][flwr][INFO] - [ROUND 38]
[2025-01-06 12:35:39,603][flwr][INFO] - configure_fit: strategy sampled 2 clients (out of 50)
[2025-01-06 12:35:40,541][flwr][INFO] - aggregate_fit: received 2 results and 0 failures
[2025-01-06 12:35:45,497][flwr][INFO] - fit progress: (38, 232.55712187290192, {'accuracy': 0.36714410990938323}, 258.56943229498575)
[2025-01-06 12:35:45,497][flwr][INFO] - configure_evaluate: strategy sampled 2 clients (out of 50)
[2025-01-06 12:35:46,054][flwr][INFO] - aggregate_evaluate: received 2 results and 0 failures
[2025-01-06 12:35:46,054][flwr][INFO] - 
[2025-01-06 12:35:46,054][flwr][INFO] - [ROUND 39]
[2025-01-06 12:35:46,054][flwr][INFO] - configure_fit: strategy sampled 2 clients (out of 50)
[2025-01-06 12:35:49,607][flwr][INFO] - aggregate_fit: received 2 results and 0 failures
[2025-01-06 12:35:54,486][flwr][INFO] - fit progress: (39, 244.76719284057617, {'accuracy': 0.5515931014323298}, 267.5581314660376)
[2025-01-06 12:35:54,486][flwr][INFO] - configure_evaluate: strategy sampled 2 clients (out of 50)
[2025-01-06 12:35:54,997][flwr][INFO] - aggregate_evaluate: received 2 results and 0 failures
[2025-01-06 12:35:54,997][flwr][INFO] - 
[2025-01-06 12:35:54,997][flwr][INFO] - [ROUND 40]
[2025-01-06 12:35:54,997][flwr][INFO] - configure_fit: strategy sampled 2 clients (out of 50)
[2025-01-06 12:35:57,695][flwr][INFO] - aggregate_fit: received 2 results and 0 failures
[2025-01-06 12:36:02,650][flwr][INFO] - fit progress: (40, 253.93243491649628, {'accuracy': 0.3256357790119848}, 275.7228487399989)
[2025-01-06 12:36:02,651][flwr][INFO] - configure_evaluate: strategy sampled 2 clients (out of 50)
[2025-01-06 12:36:03,088][flwr][INFO] - aggregate_evaluate: received 2 results and 0 failures
[2025-01-06 12:36:03,088][flwr][INFO] - 
[2025-01-06 12:36:03,088][flwr][INFO] - [ROUND 41]
[2025-01-06 12:36:03,088][flwr][INFO] - configure_fit: strategy sampled 2 clients (out of 50)
[2025-01-06 12:36:06,300][flwr][INFO] - aggregate_fit: received 2 results and 0 failures
[2025-01-06 12:36:11,271][flwr][INFO] - fit progress: (41, 207.55898416042328, {'accuracy': 0.5495469161064016}, 284.34357684501447)
[2025-01-06 12:36:11,272][flwr][INFO] - configure_evaluate: strategy sampled 2 clients (out of 50)
[2025-01-06 12:36:11,667][flwr][INFO] - aggregate_evaluate: received 2 results and 0 failures
[2025-01-06 12:36:11,667][flwr][INFO] - 
[2025-01-06 12:36:11,667][flwr][INFO] - [ROUND 42]
[2025-01-06 12:36:11,667][flwr][INFO] - configure_fit: strategy sampled 2 clients (out of 50)
[2025-01-06 12:36:12,605][flwr][INFO] - aggregate_fit: received 2 results and 0 failures
[2025-01-06 12:36:17,442][flwr][INFO] - fit progress: (42, 613.4340784549713, {'accuracy': 0.31657410114001755}, 290.5148967290297)
[2025-01-06 12:36:17,443][flwr][INFO] - configure_evaluate: strategy sampled 2 clients (out of 50)
[2025-01-06 12:36:17,812][flwr][INFO] - aggregate_evaluate: received 2 results and 0 failures
[2025-01-06 12:36:17,813][flwr][INFO] - 
[2025-01-06 12:36:17,813][flwr][INFO] - [ROUND 43]
[2025-01-06 12:36:17,813][flwr][INFO] - configure_fit: strategy sampled 2 clients (out of 50)
[2025-01-06 12:36:19,384][flwr][INFO] - aggregate_fit: received 2 results and 0 failures
[2025-01-06 12:36:24,339][flwr][INFO] - fit progress: (43, 255.30061316490173, {'accuracy': 0.4361297866121017}, 297.4118583460222)
[2025-01-06 12:36:24,340][flwr][INFO] - configure_evaluate: strategy sampled 2 clients (out of 50)
[2025-01-06 12:36:24,705][flwr][INFO] - aggregate_evaluate: received 2 results and 0 failures
[2025-01-06 12:36:24,706][flwr][INFO] - 
[2025-01-06 12:36:24,706][flwr][INFO] - [ROUND 44]
[2025-01-06 12:36:24,706][flwr][INFO] - configure_fit: strategy sampled 2 clients (out of 50)
[2025-01-06 12:36:26,431][flwr][INFO] - aggregate_fit: received 2 results and 0 failures
[2025-01-06 12:36:31,289][flwr][INFO] - fit progress: (44, 243.44615960121155, {'accuracy': 0.2537269804150833}, 304.36117235198617)
[2025-01-06 12:36:31,289][flwr][INFO] - configure_evaluate: strategy sampled 2 clients (out of 50)
[2025-01-06 12:36:31,563][flwr][INFO] - aggregate_evaluate: received 2 results and 0 failures
[2025-01-06 12:36:31,563][flwr][INFO] - 
[2025-01-06 12:36:31,563][flwr][INFO] - [ROUND 45]
[2025-01-06 12:36:31,564][flwr][INFO] - configure_fit: strategy sampled 2 clients (out of 50)
[2025-01-06 12:36:31,621][flwr][ERROR] - Traceback (most recent call last):
  File "/home/abdenour/.local/lib/python3.10/site-packages/flwr/simulation/ray_transport/ray_client_proxy.py", line 94, in _submit_job
    out_mssg, updated_context = self.actor_pool.get_client_result(
  File "/home/abdenour/.local/lib/python3.10/site-packages/flwr/simulation/ray_transport/ray_actor.py", line 398, in get_client_result
    return self._fetch_future_result(cid)
  File "/home/abdenour/.local/lib/python3.10/site-packages/flwr/simulation/ray_transport/ray_actor.py", line 279, in _fetch_future_result
    res_cid, out_mssg, updated_context = ray.get(
  File "/home/abdenour/.local/lib/python3.10/site-packages/ray/_private/auto_init_hook.py", line 21, in auto_init_wrapper
    return fn(*args, **kwargs)
  File "/home/abdenour/.local/lib/python3.10/site-packages/ray/_private/client_mode_hook.py", line 103, in wrapper
    return func(*args, **kwargs)
  File "/home/abdenour/.local/lib/python3.10/site-packages/ray/_private/worker.py", line 2667, in get
    values, debugger_breakpoint = worker.get_objects(object_refs, timeout=timeout)
  File "/home/abdenour/.local/lib/python3.10/site-packages/ray/_private/worker.py", line 864, in get_objects
    raise value.as_instanceof_cause()
ray.exceptions.RayTaskError(ClientAppException): [36mray::ClientAppActor.run()[39m (pid=1504697, ip=115.145.172.224, actor_id=409f3581b9382d3d058a59fa01000000, repr=<flwr.simulation.ray_transport.ray_actor.ClientAppActor object at 0x7f7e5438d930>)
  File "/home/abdenour/.local/lib/python3.10/site-packages/flwr/client/client_app.py", line 143, in __call__
    return self._call(message, context)
  File "/home/abdenour/.local/lib/python3.10/site-packages/flwr/client/client_app.py", line 126, in ffn
    out_message = handle_legacy_message_from_msgtype(
  File "/home/abdenour/.local/lib/python3.10/site-packages/flwr/client/message_handler/message_handler.py", line 95, in handle_legacy_message_from_msgtype
    client = client_fn(context)
  File "/home/abdenour/SecurityAnalysisFL/src/modules/client.py", line 135, in client_fn
    client_dataset_splits = client_dataset.train_test_split(test_size=0.1, seed=42)
  File "/home/abdenour/.local/lib/python3.10/site-packages/datasets/arrow_dataset.py", line 567, in wrapper
    out: Union["Dataset", "DatasetDict"] = func(self, *args, **kwargs)
  File "/home/abdenour/.local/lib/python3.10/site-packages/datasets/fingerprint.py", line 482, in wrapper
    out = func(dataset, *args, **kwargs)
  File "/home/abdenour/.local/lib/python3.10/site-packages/datasets/arrow_dataset.py", line 4587, in train_test_split
    raise ValueError(
ValueError: With n_samples=1, test_size=0.1 and train_size=None, the resulting train set will be empty. Adjust any of the aforementioned parameters.

The above exception was the direct cause of the following exception:

[36mray::ClientAppActor.run()[39m (pid=1504697, ip=115.145.172.224, actor_id=409f3581b9382d3d058a59fa01000000, repr=<flwr.simulation.ray_transport.ray_actor.ClientAppActor object at 0x7f7e5438d930>)
  File "/home/abdenour/.local/lib/python3.10/site-packages/flwr/simulation/ray_transport/ray_actor.py", line 63, in run
    raise ClientAppException(str(ex)) from ex
flwr.client.client_app.ClientAppException: 
Exception ClientAppException occurred. Message: With n_samples=1, test_size=0.1 and train_size=None, the resulting train set will be empty. Adjust any of the aforementioned parameters.

[2025-01-06 12:36:31,621][flwr][ERROR] - [36mray::ClientAppActor.run()[39m (pid=1504697, ip=115.145.172.224, actor_id=409f3581b9382d3d058a59fa01000000, repr=<flwr.simulation.ray_transport.ray_actor.ClientAppActor object at 0x7f7e5438d930>)
  File "/home/abdenour/.local/lib/python3.10/site-packages/flwr/client/client_app.py", line 143, in __call__
    return self._call(message, context)
  File "/home/abdenour/.local/lib/python3.10/site-packages/flwr/client/client_app.py", line 126, in ffn
    out_message = handle_legacy_message_from_msgtype(
  File "/home/abdenour/.local/lib/python3.10/site-packages/flwr/client/message_handler/message_handler.py", line 95, in handle_legacy_message_from_msgtype
    client = client_fn(context)
  File "/home/abdenour/SecurityAnalysisFL/src/modules/client.py", line 135, in client_fn
    client_dataset_splits = client_dataset.train_test_split(test_size=0.1, seed=42)
  File "/home/abdenour/.local/lib/python3.10/site-packages/datasets/arrow_dataset.py", line 567, in wrapper
    out: Union["Dataset", "DatasetDict"] = func(self, *args, **kwargs)
  File "/home/abdenour/.local/lib/python3.10/site-packages/datasets/fingerprint.py", line 482, in wrapper
    out = func(dataset, *args, **kwargs)
  File "/home/abdenour/.local/lib/python3.10/site-packages/datasets/arrow_dataset.py", line 4587, in train_test_split
    raise ValueError(
ValueError: With n_samples=1, test_size=0.1 and train_size=None, the resulting train set will be empty. Adjust any of the aforementioned parameters.

The above exception was the direct cause of the following exception:

[36mray::ClientAppActor.run()[39m (pid=1504697, ip=115.145.172.224, actor_id=409f3581b9382d3d058a59fa01000000, repr=<flwr.simulation.ray_transport.ray_actor.ClientAppActor object at 0x7f7e5438d930>)
  File "/home/abdenour/.local/lib/python3.10/site-packages/flwr/simulation/ray_transport/ray_actor.py", line 63, in run
    raise ClientAppException(str(ex)) from ex
flwr.client.client_app.ClientAppException: 
Exception ClientAppException occurred. Message: With n_samples=1, test_size=0.1 and train_size=None, the resulting train set will be empty. Adjust any of the aforementioned parameters.
[2025-01-06 12:36:31,961][flwr][INFO] - aggregate_fit: received 1 results and 1 failures
[2025-01-06 12:36:36,677][flwr][INFO] - fit progress: (45, 254.1800445318222, {'accuracy': 0.22771119555685473}, 309.74960661900695)
[2025-01-06 12:36:36,678][flwr][INFO] - configure_evaluate: strategy sampled 2 clients (out of 50)
[2025-01-06 12:36:37,196][flwr][INFO] - aggregate_evaluate: received 2 results and 0 failures
[2025-01-06 12:36:37,196][flwr][INFO] - 
[2025-01-06 12:36:37,196][flwr][INFO] - [ROUND 46]
[2025-01-06 12:36:37,196][flwr][INFO] - configure_fit: strategy sampled 2 clients (out of 50)
[2025-01-06 12:36:38,060][flwr][INFO] - aggregate_fit: received 2 results and 0 failures
[2025-01-06 12:36:42,975][flwr][INFO] - fit progress: (46, 229.8146014213562, {'accuracy': 0.27565039462145574}, 316.04740174801555)
[2025-01-06 12:36:42,975][flwr][INFO] - configure_evaluate: strategy sampled 2 clients (out of 50)
[2025-01-06 12:36:43,349][flwr][INFO] - aggregate_evaluate: received 2 results and 0 failures
[2025-01-06 12:36:43,349][flwr][INFO] - 
[2025-01-06 12:36:43,349][flwr][INFO] - [ROUND 47]
[2025-01-06 12:36:43,349][flwr][INFO] - configure_fit: strategy sampled 2 clients (out of 50)
[2025-01-06 12:36:44,815][flwr][INFO] - aggregate_fit: received 2 results and 0 failures
[2025-01-06 12:36:49,660][flwr][INFO] - fit progress: (47, 239.85688972473145, {'accuracy': 0.24144986845951477}, 322.73236828501103)
[2025-01-06 12:36:49,661][flwr][INFO] - configure_evaluate: strategy sampled 2 clients (out of 50)
[2025-01-06 12:36:50,061][flwr][INFO] - aggregate_evaluate: received 2 results and 0 failures
[2025-01-06 12:36:50,061][flwr][INFO] - 
[2025-01-06 12:36:50,061][flwr][INFO] - [ROUND 48]
[2025-01-06 12:36:50,061][flwr][INFO] - configure_fit: strategy sampled 2 clients (out of 50)
[2025-01-06 12:36:51,487][flwr][INFO] - aggregate_fit: received 2 results and 0 failures
[2025-01-06 12:36:56,415][flwr][INFO] - fit progress: (48, 141.555972635746, {'accuracy': 0.5618240280619702}, 329.48751340201125)
[2025-01-06 12:36:56,415][flwr][INFO] - configure_evaluate: strategy sampled 2 clients (out of 50)
[2025-01-06 12:36:56,901][flwr][INFO] - aggregate_evaluate: received 2 results and 0 failures
[2025-01-06 12:36:56,902][flwr][INFO] - 
[2025-01-06 12:36:56,902][flwr][INFO] - [ROUND 49]
[2025-01-06 12:36:56,902][flwr][INFO] - configure_fit: strategy sampled 2 clients (out of 50)
[2025-01-06 12:36:58,966][flwr][INFO] - aggregate_fit: received 2 results and 0 failures
[2025-01-06 12:37:03,928][flwr][INFO] - fit progress: (49, 194.1989489197731, {'accuracy': 0.349313066354867}, 337.0001711610239)
[2025-01-06 12:37:03,928][flwr][INFO] - configure_evaluate: strategy sampled 2 clients (out of 50)
[2025-01-06 12:37:04,272][flwr][INFO] - aggregate_evaluate: received 2 results and 0 failures
[2025-01-06 12:37:04,273][flwr][INFO] - 
[2025-01-06 12:37:04,273][flwr][INFO] - [ROUND 50]
[2025-01-06 12:37:04,273][flwr][INFO] - configure_fit: strategy sampled 2 clients (out of 50)
[2025-01-06 12:37:06,762][flwr][INFO] - aggregate_fit: received 2 results and 0 failures
[2025-01-06 12:37:11,565][flwr][INFO] - fit progress: (50, 395.75348031520844, {'accuracy': 0.22654194679918152}, 344.63781589700375)
[2025-01-06 12:37:11,566][flwr][INFO] - configure_evaluate: strategy sampled 2 clients (out of 50)
[2025-01-06 12:37:12,014][flwr][INFO] - aggregate_evaluate: received 2 results and 0 failures
[2025-01-06 12:37:12,014][flwr][INFO] - 
[2025-01-06 12:37:12,014][flwr][INFO] - [ROUND 51]
[2025-01-06 12:37:12,014][flwr][INFO] - configure_fit: strategy sampled 2 clients (out of 50)
[2025-01-06 12:37:15,481][flwr][INFO] - aggregate_fit: received 2 results and 0 failures
[2025-01-06 12:37:20,430][flwr][INFO] - fit progress: (51, 276.34034419059753, {'accuracy': 0.4653610055539316}, 353.5027247900143)
[2025-01-06 12:37:20,430][flwr][INFO] - configure_evaluate: strategy sampled 2 clients (out of 50)
[2025-01-06 12:37:20,805][flwr][INFO] - aggregate_evaluate: received 2 results and 0 failures
[2025-01-06 12:37:20,806][flwr][INFO] - 
[2025-01-06 12:37:20,806][flwr][INFO] - [ROUND 52]
[2025-01-06 12:37:20,806][flwr][INFO] - configure_fit: strategy sampled 2 clients (out of 50)
[2025-01-06 12:37:22,026][flwr][INFO] - aggregate_fit: received 2 results and 0 failures
[2025-01-06 12:37:26,774][flwr][INFO] - fit progress: (52, 268.02098059654236, {'accuracy': 0.38526746565331776}, 359.8461574540124)
[2025-01-06 12:37:26,774][flwr][INFO] - configure_evaluate: strategy sampled 2 clients (out of 50)
[2025-01-06 12:37:27,034][flwr][INFO] - aggregate_evaluate: received 2 results and 0 failures
[2025-01-06 12:37:27,035][flwr][INFO] - 
[2025-01-06 12:37:27,035][flwr][INFO] - [ROUND 53]
[2025-01-06 12:37:27,035][flwr][INFO] - configure_fit: strategy sampled 2 clients (out of 50)
[2025-01-06 12:37:27,871][flwr][INFO] - aggregate_fit: received 2 results and 0 failures
[2025-01-06 12:37:33,075][flwr][INFO] - fit progress: (53, 246.59211778640747, {'accuracy': 0.41216018707980123}, 366.14748575899284)
[2025-01-06 12:37:33,075][flwr][INFO] - configure_evaluate: strategy sampled 2 clients (out of 50)
[2025-01-06 12:37:33,393][flwr][INFO] - aggregate_evaluate: received 2 results and 0 failures
[2025-01-06 12:37:33,393][flwr][INFO] - 
[2025-01-06 12:37:33,393][flwr][INFO] - [ROUND 54]
[2025-01-06 12:37:33,393][flwr][INFO] - configure_fit: strategy sampled 2 clients (out of 50)
[2025-01-06 12:37:33,742][flwr][INFO] - aggregate_fit: received 2 results and 0 failures
[2025-01-06 12:37:39,419][flwr][INFO] - fit progress: (54, 228.85974192619324, {'accuracy': 0.3969599532300497}, 372.4913593530073)
[2025-01-06 12:37:39,419][flwr][INFO] - configure_evaluate: strategy sampled 2 clients (out of 50)
[2025-01-06 12:37:39,832][flwr][INFO] - aggregate_evaluate: received 2 results and 0 failures
[2025-01-06 12:37:39,832][flwr][INFO] - 
[2025-01-06 12:37:39,832][flwr][INFO] - [ROUND 55]
[2025-01-06 12:37:39,833][flwr][INFO] - configure_fit: strategy sampled 2 clients (out of 50)
[2025-01-06 12:37:40,779][flwr][INFO] - aggregate_fit: received 2 results and 0 failures
[2025-01-06 12:37:45,661][flwr][INFO] - fit progress: (55, 471.77090668678284, {'accuracy': 0.3004969307220111}, 378.7338069570251)
[2025-01-06 12:37:45,662][flwr][INFO] - configure_evaluate: strategy sampled 2 clients (out of 50)
[2025-01-06 12:37:45,999][flwr][INFO] - aggregate_evaluate: received 2 results and 0 failures
[2025-01-06 12:37:45,999][flwr][INFO] - 
[2025-01-06 12:37:45,999][flwr][INFO] - [ROUND 56]
[2025-01-06 12:37:45,999][flwr][INFO] - configure_fit: strategy sampled 2 clients (out of 50)
[2025-01-06 12:37:47,238][flwr][INFO] - aggregate_fit: received 2 results and 0 failures
[2025-01-06 12:37:52,163][flwr][INFO] - fit progress: (56, 328.83379209041595, {'accuracy': 0.31803566208710904}, 385.2357229340123)
[2025-01-06 12:37:52,163][flwr][INFO] - configure_evaluate: strategy sampled 2 clients (out of 50)
[2025-01-06 12:37:52,433][flwr][INFO] - aggregate_evaluate: received 2 results and 0 failures
[2025-01-06 12:37:52,433][flwr][INFO] - 
[2025-01-06 12:37:52,433][flwr][INFO] - [ROUND 57]
[2025-01-06 12:37:52,434][flwr][INFO] - configure_fit: strategy sampled 2 clients (out of 50)
[2025-01-06 12:37:54,254][flwr][INFO] - aggregate_fit: received 2 results and 0 failures
[2025-01-06 12:37:59,378][flwr][INFO] - fit progress: (57, 169.3042475581169, {'accuracy': 0.4390529085062847}, 392.45080885698553)
[2025-01-06 12:37:59,379][flwr][INFO] - configure_evaluate: strategy sampled 2 clients (out of 50)
[2025-01-06 12:37:59,744][flwr][INFO] - aggregate_evaluate: received 2 results and 0 failures
[2025-01-06 12:37:59,745][flwr][INFO] - 
[2025-01-06 12:37:59,745][flwr][INFO] - [ROUND 58]
[2025-01-06 12:37:59,745][flwr][INFO] - configure_fit: strategy sampled 2 clients (out of 50)
[2025-01-06 12:38:00,592][flwr][INFO] - aggregate_fit: received 2 results and 0 failures
[2025-01-06 12:38:05,431][flwr][INFO] - fit progress: (58, 245.37441098690033, {'accuracy': 0.2110494007600117}, 398.5037039780291)
[2025-01-06 12:38:05,431][flwr][INFO] - configure_evaluate: strategy sampled 2 clients (out of 50)
[2025-01-06 12:38:05,773][flwr][INFO] - aggregate_evaluate: received 2 results and 0 failures
[2025-01-06 12:38:05,773][flwr][INFO] - 
[2025-01-06 12:38:05,774][flwr][INFO] - [ROUND 59]
[2025-01-06 12:38:05,774][flwr][INFO] - configure_fit: strategy sampled 2 clients (out of 50)
[2025-01-06 12:38:07,124][flwr][INFO] - aggregate_fit: received 2 results and 0 failures
[2025-01-06 12:38:12,029][flwr][INFO] - fit progress: (59, 297.43217754364014, {'accuracy': 0.4042677579655072}, 405.1015712110093)
[2025-01-06 12:38:12,030][flwr][INFO] - configure_evaluate: strategy sampled 2 clients (out of 50)
[2025-01-06 12:38:12,383][flwr][INFO] - aggregate_evaluate: received 2 results and 0 failures
[2025-01-06 12:38:12,384][flwr][INFO] - 
[2025-01-06 12:38:12,384][flwr][INFO] - [ROUND 60]
[2025-01-06 12:38:12,384][flwr][INFO] - configure_fit: strategy sampled 2 clients (out of 50)
[2025-01-06 12:38:12,439][flwr][ERROR] - Traceback (most recent call last):
  File "/home/abdenour/.local/lib/python3.10/site-packages/flwr/simulation/ray_transport/ray_client_proxy.py", line 94, in _submit_job
    out_mssg, updated_context = self.actor_pool.get_client_result(
  File "/home/abdenour/.local/lib/python3.10/site-packages/flwr/simulation/ray_transport/ray_actor.py", line 398, in get_client_result
    return self._fetch_future_result(cid)
  File "/home/abdenour/.local/lib/python3.10/site-packages/flwr/simulation/ray_transport/ray_actor.py", line 279, in _fetch_future_result
    res_cid, out_mssg, updated_context = ray.get(
  File "/home/abdenour/.local/lib/python3.10/site-packages/ray/_private/auto_init_hook.py", line 21, in auto_init_wrapper
    return fn(*args, **kwargs)
  File "/home/abdenour/.local/lib/python3.10/site-packages/ray/_private/client_mode_hook.py", line 103, in wrapper
    return func(*args, **kwargs)
  File "/home/abdenour/.local/lib/python3.10/site-packages/ray/_private/worker.py", line 2667, in get
    values, debugger_breakpoint = worker.get_objects(object_refs, timeout=timeout)
  File "/home/abdenour/.local/lib/python3.10/site-packages/ray/_private/worker.py", line 864, in get_objects
    raise value.as_instanceof_cause()
ray.exceptions.RayTaskError(ClientAppException): [36mray::ClientAppActor.run()[39m (pid=1504697, ip=115.145.172.224, actor_id=409f3581b9382d3d058a59fa01000000, repr=<flwr.simulation.ray_transport.ray_actor.ClientAppActor object at 0x7f7e5438d930>)
  File "/home/abdenour/.local/lib/python3.10/site-packages/flwr/client/client_app.py", line 143, in __call__
    return self._call(message, context)
  File "/home/abdenour/.local/lib/python3.10/site-packages/flwr/client/client_app.py", line 126, in ffn
    out_message = handle_legacy_message_from_msgtype(
  File "/home/abdenour/.local/lib/python3.10/site-packages/flwr/client/message_handler/message_handler.py", line 95, in handle_legacy_message_from_msgtype
    client = client_fn(context)
  File "/home/abdenour/SecurityAnalysisFL/src/modules/client.py", line 135, in client_fn
    client_dataset_splits = client_dataset.train_test_split(test_size=0.1, seed=42)
  File "/home/abdenour/.local/lib/python3.10/site-packages/datasets/arrow_dataset.py", line 567, in wrapper
    out: Union["Dataset", "DatasetDict"] = func(self, *args, **kwargs)
  File "/home/abdenour/.local/lib/python3.10/site-packages/datasets/fingerprint.py", line 482, in wrapper
    out = func(dataset, *args, **kwargs)
  File "/home/abdenour/.local/lib/python3.10/site-packages/datasets/arrow_dataset.py", line 4587, in train_test_split
    raise ValueError(
ValueError: With n_samples=1, test_size=0.1 and train_size=None, the resulting train set will be empty. Adjust any of the aforementioned parameters.

The above exception was the direct cause of the following exception:

[36mray::ClientAppActor.run()[39m (pid=1504697, ip=115.145.172.224, actor_id=409f3581b9382d3d058a59fa01000000, repr=<flwr.simulation.ray_transport.ray_actor.ClientAppActor object at 0x7f7e5438d930>)
  File "/home/abdenour/.local/lib/python3.10/site-packages/flwr/simulation/ray_transport/ray_actor.py", line 63, in run
    raise ClientAppException(str(ex)) from ex
flwr.client.client_app.ClientAppException: 
Exception ClientAppException occurred. Message: With n_samples=1, test_size=0.1 and train_size=None, the resulting train set will be empty. Adjust any of the aforementioned parameters.

[2025-01-06 12:38:12,439][flwr][ERROR] - [36mray::ClientAppActor.run()[39m (pid=1504697, ip=115.145.172.224, actor_id=409f3581b9382d3d058a59fa01000000, repr=<flwr.simulation.ray_transport.ray_actor.ClientAppActor object at 0x7f7e5438d930>)
  File "/home/abdenour/.local/lib/python3.10/site-packages/flwr/client/client_app.py", line 143, in __call__
    return self._call(message, context)
  File "/home/abdenour/.local/lib/python3.10/site-packages/flwr/client/client_app.py", line 126, in ffn
    out_message = handle_legacy_message_from_msgtype(
  File "/home/abdenour/.local/lib/python3.10/site-packages/flwr/client/message_handler/message_handler.py", line 95, in handle_legacy_message_from_msgtype
    client = client_fn(context)
  File "/home/abdenour/SecurityAnalysisFL/src/modules/client.py", line 135, in client_fn
    client_dataset_splits = client_dataset.train_test_split(test_size=0.1, seed=42)
  File "/home/abdenour/.local/lib/python3.10/site-packages/datasets/arrow_dataset.py", line 567, in wrapper
    out: Union["Dataset", "DatasetDict"] = func(self, *args, **kwargs)
  File "/home/abdenour/.local/lib/python3.10/site-packages/datasets/fingerprint.py", line 482, in wrapper
    out = func(dataset, *args, **kwargs)
  File "/home/abdenour/.local/lib/python3.10/site-packages/datasets/arrow_dataset.py", line 4587, in train_test_split
    raise ValueError(
ValueError: With n_samples=1, test_size=0.1 and train_size=None, the resulting train set will be empty. Adjust any of the aforementioned parameters.

The above exception was the direct cause of the following exception:

[36mray::ClientAppActor.run()[39m (pid=1504697, ip=115.145.172.224, actor_id=409f3581b9382d3d058a59fa01000000, repr=<flwr.simulation.ray_transport.ray_actor.ClientAppActor object at 0x7f7e5438d930>)
  File "/home/abdenour/.local/lib/python3.10/site-packages/flwr/simulation/ray_transport/ray_actor.py", line 63, in run
    raise ClientAppException(str(ex)) from ex
flwr.client.client_app.ClientAppException: 
Exception ClientAppException occurred. Message: With n_samples=1, test_size=0.1 and train_size=None, the resulting train set will be empty. Adjust any of the aforementioned parameters.
[2025-01-06 12:38:13,540][flwr][INFO] - aggregate_fit: received 1 results and 1 failures
[2025-01-06 12:38:18,419][flwr][INFO] - fit progress: (60, 480.16045904159546, {'accuracy': 0.33762057877813506}, 411.4910583990277)
[2025-01-06 12:38:18,419][flwr][INFO] - configure_evaluate: strategy sampled 2 clients (out of 50)
[2025-01-06 12:38:18,712][flwr][INFO] - aggregate_evaluate: received 2 results and 0 failures
[2025-01-06 12:38:18,713][flwr][INFO] - 
[2025-01-06 12:38:18,713][flwr][INFO] - [ROUND 61]
[2025-01-06 12:38:18,713][flwr][INFO] - configure_fit: strategy sampled 2 clients (out of 50)
[2025-01-06 12:38:20,042][flwr][INFO] - aggregate_fit: received 2 results and 0 failures
[2025-01-06 12:38:24,864][flwr][INFO] - fit progress: (61, 503.32199215888977, {'accuracy': 0.2101724641917568}, 417.9369034850388)
[2025-01-06 12:38:24,865][flwr][INFO] - configure_evaluate: strategy sampled 2 clients (out of 50)
[2025-01-06 12:38:25,169][flwr][INFO] - aggregate_evaluate: received 2 results and 0 failures
[2025-01-06 12:38:25,169][flwr][INFO] - 
[2025-01-06 12:38:25,169][flwr][INFO] - [ROUND 62]
[2025-01-06 12:38:25,170][flwr][INFO] - configure_fit: strategy sampled 2 clients (out of 50)
[2025-01-06 12:38:26,662][flwr][INFO] - aggregate_fit: received 2 results and 0 failures
[2025-01-06 12:38:31,392][flwr][INFO] - fit progress: (62, 188.01854479312897, {'accuracy': 0.5124232680502777}, 424.4641355490312)
[2025-01-06 12:38:31,392][flwr][INFO] - configure_evaluate: strategy sampled 2 clients (out of 50)
[2025-01-06 12:38:31,467][flwr][ERROR] - Traceback (most recent call last):
  File "/home/abdenour/.local/lib/python3.10/site-packages/flwr/simulation/ray_transport/ray_client_proxy.py", line 94, in _submit_job
    out_mssg, updated_context = self.actor_pool.get_client_result(
  File "/home/abdenour/.local/lib/python3.10/site-packages/flwr/simulation/ray_transport/ray_actor.py", line 398, in get_client_result
    return self._fetch_future_result(cid)
  File "/home/abdenour/.local/lib/python3.10/site-packages/flwr/simulation/ray_transport/ray_actor.py", line 279, in _fetch_future_result
    res_cid, out_mssg, updated_context = ray.get(
  File "/home/abdenour/.local/lib/python3.10/site-packages/ray/_private/auto_init_hook.py", line 21, in auto_init_wrapper
    return fn(*args, **kwargs)
  File "/home/abdenour/.local/lib/python3.10/site-packages/ray/_private/client_mode_hook.py", line 103, in wrapper
    return func(*args, **kwargs)
  File "/home/abdenour/.local/lib/python3.10/site-packages/ray/_private/worker.py", line 2667, in get
    values, debugger_breakpoint = worker.get_objects(object_refs, timeout=timeout)
  File "/home/abdenour/.local/lib/python3.10/site-packages/ray/_private/worker.py", line 864, in get_objects
    raise value.as_instanceof_cause()
ray.exceptions.RayTaskError(ClientAppException): [36mray::ClientAppActor.run()[39m (pid=1504697, ip=115.145.172.224, actor_id=409f3581b9382d3d058a59fa01000000, repr=<flwr.simulation.ray_transport.ray_actor.ClientAppActor object at 0x7f7e5438d930>)
  File "/home/abdenour/.local/lib/python3.10/site-packages/flwr/client/client_app.py", line 143, in __call__
    return self._call(message, context)
  File "/home/abdenour/.local/lib/python3.10/site-packages/flwr/client/client_app.py", line 126, in ffn
    out_message = handle_legacy_message_from_msgtype(
  File "/home/abdenour/.local/lib/python3.10/site-packages/flwr/client/message_handler/message_handler.py", line 95, in handle_legacy_message_from_msgtype
    client = client_fn(context)
  File "/home/abdenour/SecurityAnalysisFL/src/modules/client.py", line 135, in client_fn
    client_dataset_splits = client_dataset.train_test_split(test_size=0.1, seed=42)
  File "/home/abdenour/.local/lib/python3.10/site-packages/datasets/arrow_dataset.py", line 567, in wrapper
    out: Union["Dataset", "DatasetDict"] = func(self, *args, **kwargs)
  File "/home/abdenour/.local/lib/python3.10/site-packages/datasets/fingerprint.py", line 482, in wrapper
    out = func(dataset, *args, **kwargs)
  File "/home/abdenour/.local/lib/python3.10/site-packages/datasets/arrow_dataset.py", line 4587, in train_test_split
    raise ValueError(
ValueError: With n_samples=1, test_size=0.1 and train_size=None, the resulting train set will be empty. Adjust any of the aforementioned parameters.

The above exception was the direct cause of the following exception:

[36mray::ClientAppActor.run()[39m (pid=1504697, ip=115.145.172.224, actor_id=409f3581b9382d3d058a59fa01000000, repr=<flwr.simulation.ray_transport.ray_actor.ClientAppActor object at 0x7f7e5438d930>)
  File "/home/abdenour/.local/lib/python3.10/site-packages/flwr/simulation/ray_transport/ray_actor.py", line 63, in run
    raise ClientAppException(str(ex)) from ex
flwr.client.client_app.ClientAppException: 
Exception ClientAppException occurred. Message: With n_samples=1, test_size=0.1 and train_size=None, the resulting train set will be empty. Adjust any of the aforementioned parameters.

[2025-01-06 12:38:31,468][flwr][ERROR] - [36mray::ClientAppActor.run()[39m (pid=1504697, ip=115.145.172.224, actor_id=409f3581b9382d3d058a59fa01000000, repr=<flwr.simulation.ray_transport.ray_actor.ClientAppActor object at 0x7f7e5438d930>)
  File "/home/abdenour/.local/lib/python3.10/site-packages/flwr/client/client_app.py", line 143, in __call__
    return self._call(message, context)
  File "/home/abdenour/.local/lib/python3.10/site-packages/flwr/client/client_app.py", line 126, in ffn
    out_message = handle_legacy_message_from_msgtype(
  File "/home/abdenour/.local/lib/python3.10/site-packages/flwr/client/message_handler/message_handler.py", line 95, in handle_legacy_message_from_msgtype
    client = client_fn(context)
  File "/home/abdenour/SecurityAnalysisFL/src/modules/client.py", line 135, in client_fn
    client_dataset_splits = client_dataset.train_test_split(test_size=0.1, seed=42)
  File "/home/abdenour/.local/lib/python3.10/site-packages/datasets/arrow_dataset.py", line 567, in wrapper
    out: Union["Dataset", "DatasetDict"] = func(self, *args, **kwargs)
  File "/home/abdenour/.local/lib/python3.10/site-packages/datasets/fingerprint.py", line 482, in wrapper
    out = func(dataset, *args, **kwargs)
  File "/home/abdenour/.local/lib/python3.10/site-packages/datasets/arrow_dataset.py", line 4587, in train_test_split
    raise ValueError(
ValueError: With n_samples=1, test_size=0.1 and train_size=None, the resulting train set will be empty. Adjust any of the aforementioned parameters.

The above exception was the direct cause of the following exception:

[36mray::ClientAppActor.run()[39m (pid=1504697, ip=115.145.172.224, actor_id=409f3581b9382d3d058a59fa01000000, repr=<flwr.simulation.ray_transport.ray_actor.ClientAppActor object at 0x7f7e5438d930>)
  File "/home/abdenour/.local/lib/python3.10/site-packages/flwr/simulation/ray_transport/ray_actor.py", line 63, in run
    raise ClientAppException(str(ex)) from ex
flwr.client.client_app.ClientAppException: 
Exception ClientAppException occurred. Message: With n_samples=1, test_size=0.1 and train_size=None, the resulting train set will be empty. Adjust any of the aforementioned parameters.
[2025-01-06 12:38:31,671][flwr][INFO] - aggregate_evaluate: received 1 results and 1 failures
[2025-01-06 12:38:31,671][flwr][INFO] - 
[2025-01-06 12:38:31,671][flwr][INFO] - [ROUND 63]
[2025-01-06 12:38:31,671][flwr][INFO] - configure_fit: strategy sampled 2 clients (out of 50)
[2025-01-06 12:38:33,263][flwr][INFO] - aggregate_fit: received 2 results and 0 failures
[2025-01-06 12:38:38,184][flwr][INFO] - fit progress: (63, 361.1175560951233, {'accuracy': 0.19731072785735165}, 431.25656507501844)
[2025-01-06 12:38:38,184][flwr][INFO] - configure_evaluate: strategy sampled 2 clients (out of 50)
[2025-01-06 12:38:38,487][flwr][INFO] - aggregate_evaluate: received 2 results and 0 failures
[2025-01-06 12:38:38,487][flwr][INFO] - 
[2025-01-06 12:38:38,487][flwr][INFO] - [ROUND 64]
[2025-01-06 12:38:38,487][flwr][INFO] - configure_fit: strategy sampled 2 clients (out of 50)
[2025-01-06 12:38:39,636][flwr][INFO] - aggregate_fit: received 2 results and 0 failures
[2025-01-06 12:38:44,440][flwr][INFO] - fit progress: (64, 355.8623414039612, {'accuracy': 0.17860274773458054}, 437.512358736014)
[2025-01-06 12:38:44,440][flwr][INFO] - configure_evaluate: strategy sampled 2 clients (out of 50)
[2025-01-06 12:38:44,841][flwr][INFO] - aggregate_evaluate: received 2 results and 0 failures
[2025-01-06 12:38:44,841][flwr][INFO] - 
[2025-01-06 12:38:44,841][flwr][INFO] - [ROUND 65]
[2025-01-06 12:38:44,842][flwr][INFO] - configure_fit: strategy sampled 2 clients (out of 50)
[2025-01-06 12:38:46,587][flwr][INFO] - aggregate_fit: received 2 results and 0 failures
[2025-01-06 12:38:51,387][flwr][INFO] - fit progress: (65, 341.59576296806335, {'accuracy': 0.2575270388775212}, 444.45937856903765)
[2025-01-06 12:38:51,387][flwr][INFO] - configure_evaluate: strategy sampled 2 clients (out of 50)
[2025-01-06 12:38:51,836][flwr][INFO] - aggregate_evaluate: received 2 results and 0 failures
[2025-01-06 12:38:51,836][flwr][INFO] - 
[2025-01-06 12:38:51,836][flwr][INFO] - [ROUND 66]
[2025-01-06 12:38:51,836][flwr][INFO] - configure_fit: strategy sampled 2 clients (out of 50)
[2025-01-06 12:38:53,841][flwr][INFO] - aggregate_fit: received 2 results and 0 failures
[2025-01-06 12:38:58,768][flwr][INFO] - fit progress: (66, 131.70951902866364, {'accuracy': 0.6261327097339959}, 451.84033844200894)
[2025-01-06 12:38:58,768][flwr][INFO] - configure_evaluate: strategy sampled 2 clients (out of 50)
[2025-01-06 12:38:59,089][flwr][INFO] - aggregate_evaluate: received 2 results and 0 failures
[2025-01-06 12:38:59,089][flwr][INFO] - 
[2025-01-06 12:38:59,090][flwr][INFO] - [ROUND 67]
[2025-01-06 12:38:59,090][flwr][INFO] - configure_fit: strategy sampled 2 clients (out of 50)
[2025-01-06 12:38:59,548][flwr][INFO] - aggregate_fit: received 2 results and 0 failures
[2025-01-06 12:39:04,379][flwr][INFO] - fit progress: (67, 137.3417528271675, {'accuracy': 0.5904706226249634}, 457.4514562310069)
[2025-01-06 12:39:04,379][flwr][INFO] - configure_evaluate: strategy sampled 2 clients (out of 50)
[2025-01-06 12:39:04,726][flwr][INFO] - aggregate_evaluate: received 2 results and 0 failures
[2025-01-06 12:39:04,726][flwr][INFO] - 
[2025-01-06 12:39:04,726][flwr][INFO] - [ROUND 68]
[2025-01-06 12:39:04,726][flwr][INFO] - configure_fit: strategy sampled 2 clients (out of 50)
[2025-01-06 12:39:06,718][flwr][INFO] - aggregate_fit: received 2 results and 0 failures
[2025-01-06 12:39:11,415][flwr][INFO] - fit progress: (68, 168.97010016441345, {'accuracy': 0.3890675241157556}, 464.48746749199927)
[2025-01-06 12:39:11,415][flwr][INFO] - configure_evaluate: strategy sampled 2 clients (out of 50)
[2025-01-06 12:39:11,693][flwr][INFO] - aggregate_evaluate: received 2 results and 0 failures
[2025-01-06 12:39:11,693][flwr][INFO] - 
[2025-01-06 12:39:11,693][flwr][INFO] - [ROUND 69]
[2025-01-06 12:39:11,694][flwr][INFO] - configure_fit: strategy sampled 2 clients (out of 50)
[2025-01-06 12:39:12,206][flwr][INFO] - aggregate_fit: received 2 results and 0 failures
[2025-01-06 12:39:16,940][flwr][INFO] - fit progress: (69, 165.53018283843994, {'accuracy': 0.37854428529669687}, 470.0125090699876)
[2025-01-06 12:39:16,940][flwr][INFO] - configure_evaluate: strategy sampled 2 clients (out of 50)
[2025-01-06 12:39:17,313][flwr][INFO] - aggregate_evaluate: received 2 results and 0 failures
[2025-01-06 12:39:17,313][flwr][INFO] - 
[2025-01-06 12:39:17,313][flwr][INFO] - [ROUND 70]
[2025-01-06 12:39:17,313][flwr][INFO] - configure_fit: strategy sampled 2 clients (out of 50)
[2025-01-06 12:39:20,330][flwr][INFO] - aggregate_fit: received 2 results and 0 failures
[2025-01-06 12:39:25,094][flwr][INFO] - fit progress: (70, 391.65628147125244, {'accuracy': 0.31803566208710904}, 478.16700550098903)
[2025-01-06 12:39:25,095][flwr][INFO] - configure_evaluate: strategy sampled 2 clients (out of 50)
[2025-01-06 12:39:25,425][flwr][INFO] - aggregate_evaluate: received 2 results and 0 failures
[2025-01-06 12:39:25,426][flwr][INFO] - 
[2025-01-06 12:39:25,426][flwr][INFO] - [ROUND 71]
[2025-01-06 12:39:25,426][flwr][INFO] - configure_fit: strategy sampled 2 clients (out of 50)
[2025-01-06 12:39:26,558][flwr][INFO] - aggregate_fit: received 2 results and 0 failures
[2025-01-06 12:39:31,465][flwr][INFO] - fit progress: (71, 351.8880990743637, {'accuracy': 0.2937737503653902}, 484.5374418310239)
[2025-01-06 12:39:31,465][flwr][INFO] - configure_evaluate: strategy sampled 2 clients (out of 50)
[2025-01-06 12:39:31,856][flwr][INFO] - aggregate_evaluate: received 2 results and 0 failures
[2025-01-06 12:39:31,856][flwr][INFO] - 
[2025-01-06 12:39:31,856][flwr][INFO] - [ROUND 72]
[2025-01-06 12:39:31,856][flwr][INFO] - configure_fit: strategy sampled 2 clients (out of 50)
[2025-01-06 12:39:34,270][flwr][INFO] - aggregate_fit: received 2 results and 0 failures
[2025-01-06 12:39:39,047][flwr][INFO] - fit progress: (72, 184.69235610961914, {'accuracy': 0.3040046769950307}, 492.11940048099495)
[2025-01-06 12:39:39,047][flwr][INFO] - configure_evaluate: strategy sampled 2 clients (out of 50)
[2025-01-06 12:39:39,405][flwr][INFO] - aggregate_evaluate: received 2 results and 0 failures
[2025-01-06 12:39:39,405][flwr][INFO] - 
[2025-01-06 12:39:39,405][flwr][INFO] - [ROUND 73]
[2025-01-06 12:39:39,405][flwr][INFO] - configure_fit: strategy sampled 2 clients (out of 50)
[2025-01-06 12:39:40,607][flwr][INFO] - aggregate_fit: received 2 results and 0 failures
[2025-01-06 12:39:45,432][flwr][INFO] - fit progress: (73, 202.1672854423523, {'accuracy': 0.3007892429114294}, 498.5051063679857)
[2025-01-06 12:39:45,433][flwr][INFO] - configure_evaluate: strategy sampled 2 clients (out of 50)
[2025-01-06 12:39:45,779][flwr][INFO] - aggregate_evaluate: received 2 results and 0 failures
[2025-01-06 12:39:45,779][flwr][INFO] - 
[2025-01-06 12:39:45,779][flwr][INFO] - [ROUND 74]
[2025-01-06 12:39:45,779][flwr][INFO] - configure_fit: strategy sampled 2 clients (out of 50)
[2025-01-06 12:39:46,909][flwr][INFO] - aggregate_fit: received 2 results and 0 failures
[2025-01-06 12:39:52,932][flwr][INFO] - fit progress: (74, 188.40664207935333, {'accuracy': 0.3235895936860567}, 506.0047413019929)
[2025-01-06 12:39:52,932][flwr][INFO] - configure_evaluate: strategy sampled 2 clients (out of 50)
[2025-01-06 12:39:53,226][flwr][INFO] - aggregate_evaluate: received 2 results and 0 failures
[2025-01-06 12:39:53,227][flwr][INFO] - 
[2025-01-06 12:39:53,227][flwr][INFO] - [ROUND 75]
[2025-01-06 12:39:53,227][flwr][INFO] - configure_fit: strategy sampled 2 clients (out of 50)
[2025-01-06 12:39:54,099][flwr][INFO] - aggregate_fit: received 2 results and 0 failures
[2025-01-06 12:39:58,873][flwr][INFO] - fit progress: (75, 143.09204506874084, {'accuracy': 0.5308389359836305}, 511.94561660604086)
[2025-01-06 12:39:58,873][flwr][INFO] - configure_evaluate: strategy sampled 2 clients (out of 50)
[2025-01-06 12:39:59,312][flwr][INFO] - aggregate_evaluate: received 2 results and 0 failures
[2025-01-06 12:39:59,312][flwr][INFO] - 
[2025-01-06 12:39:59,312][flwr][INFO] - [ROUND 76]
[2025-01-06 12:39:59,312][flwr][INFO] - configure_fit: strategy sampled 2 clients (out of 50)
[2025-01-06 12:40:00,458][flwr][INFO] - aggregate_fit: received 2 results and 0 failures
[2025-01-06 12:40:06,029][flwr][INFO] - fit progress: (76, 152.45363306999207, {'accuracy': 0.5171002630809705}, 519.1019780859933)
[2025-01-06 12:40:06,030][flwr][INFO] - configure_evaluate: strategy sampled 2 clients (out of 50)
[2025-01-06 12:40:06,454][flwr][INFO] - aggregate_evaluate: received 2 results and 0 failures
[2025-01-06 12:40:06,455][flwr][INFO] - 
[2025-01-06 12:40:06,455][flwr][INFO] - [ROUND 77]
[2025-01-06 12:40:06,455][flwr][INFO] - configure_fit: strategy sampled 2 clients (out of 50)
[2025-01-06 12:40:07,510][flwr][INFO] - aggregate_fit: received 2 results and 0 failures
[2025-01-06 12:40:12,211][flwr][INFO] - fit progress: (77, 168.54239523410797, {'accuracy': 0.34112832505115465}, 525.2832659000414)
[2025-01-06 12:40:12,211][flwr][INFO] - configure_evaluate: strategy sampled 2 clients (out of 50)
[2025-01-06 12:40:12,567][flwr][INFO] - aggregate_evaluate: received 2 results and 0 failures
[2025-01-06 12:40:12,567][flwr][INFO] - 
[2025-01-06 12:40:12,567][flwr][INFO] - [ROUND 78]
[2025-01-06 12:40:12,567][flwr][INFO] - configure_fit: strategy sampled 2 clients (out of 50)
[2025-01-06 12:40:13,993][flwr][INFO] - aggregate_fit: received 2 results and 0 failures
[2025-01-06 12:40:18,670][flwr][INFO] - fit progress: (78, 300.5975207090378, {'accuracy': 0.17480268927214265}, 531.7427629650338)
[2025-01-06 12:40:18,671][flwr][INFO] - configure_evaluate: strategy sampled 2 clients (out of 50)
[2025-01-06 12:40:19,039][flwr][INFO] - aggregate_evaluate: received 2 results and 0 failures
[2025-01-06 12:40:19,039][flwr][INFO] - 
[2025-01-06 12:40:19,039][flwr][INFO] - [ROUND 79]
[2025-01-06 12:40:19,039][flwr][INFO] - configure_fit: strategy sampled 2 clients (out of 50)
[2025-01-06 12:40:21,466][flwr][INFO] - aggregate_fit: received 2 results and 0 failures
[2025-01-06 12:40:26,372][flwr][INFO] - fit progress: (79, 165.8942836523056, {'accuracy': 0.4218064893306051}, 539.4448996250285)
[2025-01-06 12:40:26,373][flwr][INFO] - configure_evaluate: strategy sampled 2 clients (out of 50)
[2025-01-06 12:40:26,707][flwr][INFO] - aggregate_evaluate: received 2 results and 0 failures
[2025-01-06 12:40:26,707][flwr][INFO] - 
[2025-01-06 12:40:26,707][flwr][INFO] - [ROUND 80]
[2025-01-06 12:40:26,707][flwr][INFO] - configure_fit: strategy sampled 2 clients (out of 50)
[2025-01-06 12:40:28,862][flwr][INFO] - aggregate_fit: received 2 results and 0 failures
[2025-01-06 12:40:33,830][flwr][INFO] - fit progress: (80, 368.64098620414734, {'accuracy': 0.32885121309558607}, 546.9030387520324)
[2025-01-06 12:40:33,831][flwr][INFO] - configure_evaluate: strategy sampled 2 clients (out of 50)
[2025-01-06 12:40:34,167][flwr][INFO] - aggregate_evaluate: received 2 results and 0 failures
[2025-01-06 12:40:34,167][flwr][INFO] - 
[2025-01-06 12:40:34,167][flwr][INFO] - [ROUND 81]
[2025-01-06 12:40:34,167][flwr][INFO] - configure_fit: strategy sampled 2 clients (out of 50)
[2025-01-06 12:40:35,344][flwr][INFO] - aggregate_fit: received 2 results and 0 failures
[2025-01-06 12:40:40,256][flwr][INFO] - fit progress: (81, 223.03077805042267, {'accuracy': 0.3314820228003508}, 553.3285352290259)
[2025-01-06 12:40:40,256][flwr][INFO] - configure_evaluate: strategy sampled 2 clients (out of 50)
[2025-01-06 12:40:40,690][flwr][INFO] - aggregate_evaluate: received 2 results and 0 failures
[2025-01-06 12:40:40,691][flwr][INFO] - 
[2025-01-06 12:40:40,691][flwr][INFO] - [ROUND 82]
[2025-01-06 12:40:40,691][flwr][INFO] - configure_fit: strategy sampled 2 clients (out of 50)
[2025-01-06 12:40:43,285][flwr][INFO] - aggregate_fit: received 2 results and 0 failures
[2025-01-06 12:40:48,105][flwr][INFO] - fit progress: (82, 194.77977859973907, {'accuracy': 0.35282081262788656}, 561.1775865390082)
[2025-01-06 12:40:48,105][flwr][INFO] - configure_evaluate: strategy sampled 2 clients (out of 50)
[2025-01-06 12:40:48,496][flwr][INFO] - aggregate_evaluate: received 2 results and 0 failures
[2025-01-06 12:40:48,496][flwr][INFO] - 
[2025-01-06 12:40:48,496][flwr][INFO] - [ROUND 83]
[2025-01-06 12:40:48,496][flwr][INFO] - configure_fit: strategy sampled 2 clients (out of 50)
[2025-01-06 12:40:48,834][flwr][INFO] - aggregate_fit: received 2 results and 0 failures
[2025-01-06 12:40:53,902][flwr][INFO] - fit progress: (83, 203.2697709798813, {'accuracy': 0.33820520315697167}, 566.974505199003)
[2025-01-06 12:40:53,903][flwr][INFO] - configure_evaluate: strategy sampled 2 clients (out of 50)
[2025-01-06 12:40:54,275][flwr][INFO] - aggregate_evaluate: received 2 results and 0 failures
[2025-01-06 12:40:54,276][flwr][INFO] - 
[2025-01-06 12:40:54,276][flwr][INFO] - [ROUND 84]
[2025-01-06 12:40:54,276][flwr][INFO] - configure_fit: strategy sampled 2 clients (out of 50)
[2025-01-06 12:40:55,985][flwr][INFO] - aggregate_fit: received 2 results and 0 failures
[2025-01-06 12:41:00,751][flwr][INFO] - fit progress: (84, 250.76493632793427, {'accuracy': 0.2361882490499854}, 573.8239337790292)
[2025-01-06 12:41:00,752][flwr][INFO] - configure_evaluate: strategy sampled 2 clients (out of 50)
[2025-01-06 12:41:01,039][flwr][INFO] - aggregate_evaluate: received 2 results and 0 failures
[2025-01-06 12:41:01,040][flwr][INFO] - 
[2025-01-06 12:41:01,040][flwr][INFO] - [ROUND 85]
[2025-01-06 12:41:01,040][flwr][INFO] - configure_fit: strategy sampled 2 clients (out of 50)
[2025-01-06 12:41:01,348][flwr][ERROR] - Traceback (most recent call last):
  File "/home/abdenour/.local/lib/python3.10/site-packages/flwr/simulation/ray_transport/ray_client_proxy.py", line 94, in _submit_job
    out_mssg, updated_context = self.actor_pool.get_client_result(
  File "/home/abdenour/.local/lib/python3.10/site-packages/flwr/simulation/ray_transport/ray_actor.py", line 398, in get_client_result
    return self._fetch_future_result(cid)
  File "/home/abdenour/.local/lib/python3.10/site-packages/flwr/simulation/ray_transport/ray_actor.py", line 279, in _fetch_future_result
    res_cid, out_mssg, updated_context = ray.get(
  File "/home/abdenour/.local/lib/python3.10/site-packages/ray/_private/auto_init_hook.py", line 21, in auto_init_wrapper
    return fn(*args, **kwargs)
  File "/home/abdenour/.local/lib/python3.10/site-packages/ray/_private/client_mode_hook.py", line 103, in wrapper
    return func(*args, **kwargs)
  File "/home/abdenour/.local/lib/python3.10/site-packages/ray/_private/worker.py", line 2667, in get
    values, debugger_breakpoint = worker.get_objects(object_refs, timeout=timeout)
  File "/home/abdenour/.local/lib/python3.10/site-packages/ray/_private/worker.py", line 864, in get_objects
    raise value.as_instanceof_cause()
ray.exceptions.RayTaskError(ClientAppException): [36mray::ClientAppActor.run()[39m (pid=1504698, ip=115.145.172.224, actor_id=03a138abf811666245eb286201000000, repr=<flwr.simulation.ray_transport.ray_actor.ClientAppActor object at 0x7f6670789a50>)
  File "/home/abdenour/.local/lib/python3.10/site-packages/flwr/client/client_app.py", line 143, in __call__
    return self._call(message, context)
  File "/home/abdenour/.local/lib/python3.10/site-packages/flwr/client/client_app.py", line 126, in ffn
    out_message = handle_legacy_message_from_msgtype(
  File "/home/abdenour/.local/lib/python3.10/site-packages/flwr/client/message_handler/message_handler.py", line 95, in handle_legacy_message_from_msgtype
    client = client_fn(context)
  File "/home/abdenour/SecurityAnalysisFL/src/modules/client.py", line 135, in client_fn
    client_dataset_splits = client_dataset.train_test_split(test_size=0.1, seed=42)
  File "/home/abdenour/.local/lib/python3.10/site-packages/datasets/arrow_dataset.py", line 567, in wrapper
    out: Union["Dataset", "DatasetDict"] = func(self, *args, **kwargs)
  File "/home/abdenour/.local/lib/python3.10/site-packages/datasets/fingerprint.py", line 482, in wrapper
    out = func(dataset, *args, **kwargs)
  File "/home/abdenour/.local/lib/python3.10/site-packages/datasets/arrow_dataset.py", line 4587, in train_test_split
    raise ValueError(
ValueError: With n_samples=1, test_size=0.1 and train_size=None, the resulting train set will be empty. Adjust any of the aforementioned parameters.

The above exception was the direct cause of the following exception:

[36mray::ClientAppActor.run()[39m (pid=1504698, ip=115.145.172.224, actor_id=03a138abf811666245eb286201000000, repr=<flwr.simulation.ray_transport.ray_actor.ClientAppActor object at 0x7f6670789a50>)
  File "/home/abdenour/.local/lib/python3.10/site-packages/flwr/simulation/ray_transport/ray_actor.py", line 63, in run
    raise ClientAppException(str(ex)) from ex
flwr.client.client_app.ClientAppException: 
Exception ClientAppException occurred. Message: With n_samples=1, test_size=0.1 and train_size=None, the resulting train set will be empty. Adjust any of the aforementioned parameters.

[2025-01-06 12:41:01,348][flwr][ERROR] - [36mray::ClientAppActor.run()[39m (pid=1504698, ip=115.145.172.224, actor_id=03a138abf811666245eb286201000000, repr=<flwr.simulation.ray_transport.ray_actor.ClientAppActor object at 0x7f6670789a50>)
  File "/home/abdenour/.local/lib/python3.10/site-packages/flwr/client/client_app.py", line 143, in __call__
    return self._call(message, context)
  File "/home/abdenour/.local/lib/python3.10/site-packages/flwr/client/client_app.py", line 126, in ffn
    out_message = handle_legacy_message_from_msgtype(
  File "/home/abdenour/.local/lib/python3.10/site-packages/flwr/client/message_handler/message_handler.py", line 95, in handle_legacy_message_from_msgtype
    client = client_fn(context)
  File "/home/abdenour/SecurityAnalysisFL/src/modules/client.py", line 135, in client_fn
    client_dataset_splits = client_dataset.train_test_split(test_size=0.1, seed=42)
  File "/home/abdenour/.local/lib/python3.10/site-packages/datasets/arrow_dataset.py", line 567, in wrapper
    out: Union["Dataset", "DatasetDict"] = func(self, *args, **kwargs)
  File "/home/abdenour/.local/lib/python3.10/site-packages/datasets/fingerprint.py", line 482, in wrapper
    out = func(dataset, *args, **kwargs)
  File "/home/abdenour/.local/lib/python3.10/site-packages/datasets/arrow_dataset.py", line 4587, in train_test_split
    raise ValueError(
ValueError: With n_samples=1, test_size=0.1 and train_size=None, the resulting train set will be empty. Adjust any of the aforementioned parameters.

The above exception was the direct cause of the following exception:

[36mray::ClientAppActor.run()[39m (pid=1504698, ip=115.145.172.224, actor_id=03a138abf811666245eb286201000000, repr=<flwr.simulation.ray_transport.ray_actor.ClientAppActor object at 0x7f6670789a50>)
  File "/home/abdenour/.local/lib/python3.10/site-packages/flwr/simulation/ray_transport/ray_actor.py", line 63, in run
    raise ClientAppException(str(ex)) from ex
flwr.client.client_app.ClientAppException: 
Exception ClientAppException occurred. Message: With n_samples=1, test_size=0.1 and train_size=None, the resulting train set will be empty. Adjust any of the aforementioned parameters.
[2025-01-06 12:41:02,595][flwr][INFO] - aggregate_fit: received 1 results and 1 failures
[2025-01-06 12:41:07,368][flwr][INFO] - fit progress: (85, 345.8709616661072, {'accuracy': 0.22449576147325342}, 580.4403440490132)
[2025-01-06 12:41:07,368][flwr][INFO] - configure_evaluate: strategy sampled 2 clients (out of 50)
[2025-01-06 12:41:07,782][flwr][INFO] - aggregate_evaluate: received 2 results and 0 failures
[2025-01-06 12:41:07,782][flwr][INFO] - 
[2025-01-06 12:41:07,782][flwr][INFO] - [ROUND 86]
[2025-01-06 12:41:07,783][flwr][INFO] - configure_fit: strategy sampled 2 clients (out of 50)
[2025-01-06 12:41:08,624][flwr][INFO] - aggregate_fit: received 2 results and 0 failures
[2025-01-06 12:41:13,398][flwr][INFO] - fit progress: (86, 218.27002573013306, {'accuracy': 0.24115755627009647}, 586.470150350011)
[2025-01-06 12:41:13,398][flwr][INFO] - configure_evaluate: strategy sampled 2 clients (out of 50)
[2025-01-06 12:41:13,770][flwr][INFO] - aggregate_evaluate: received 2 results and 0 failures
[2025-01-06 12:41:13,770][flwr][INFO] - 
[2025-01-06 12:41:13,770][flwr][INFO] - [ROUND 87]
[2025-01-06 12:41:13,770][flwr][INFO] - configure_fit: strategy sampled 2 clients (out of 50)
[2025-01-06 12:41:13,848][flwr][ERROR] - Traceback (most recent call last):
  File "/home/abdenour/.local/lib/python3.10/site-packages/flwr/simulation/ray_transport/ray_client_proxy.py", line 94, in _submit_job
    out_mssg, updated_context = self.actor_pool.get_client_result(
  File "/home/abdenour/.local/lib/python3.10/site-packages/flwr/simulation/ray_transport/ray_actor.py", line 398, in get_client_result
    return self._fetch_future_result(cid)
  File "/home/abdenour/.local/lib/python3.10/site-packages/flwr/simulation/ray_transport/ray_actor.py", line 279, in _fetch_future_result
    res_cid, out_mssg, updated_context = ray.get(
  File "/home/abdenour/.local/lib/python3.10/site-packages/ray/_private/auto_init_hook.py", line 21, in auto_init_wrapper
    return fn(*args, **kwargs)
  File "/home/abdenour/.local/lib/python3.10/site-packages/ray/_private/client_mode_hook.py", line 103, in wrapper
    return func(*args, **kwargs)
  File "/home/abdenour/.local/lib/python3.10/site-packages/ray/_private/worker.py", line 2667, in get
    values, debugger_breakpoint = worker.get_objects(object_refs, timeout=timeout)
  File "/home/abdenour/.local/lib/python3.10/site-packages/ray/_private/worker.py", line 864, in get_objects
    raise value.as_instanceof_cause()
ray.exceptions.RayTaskError(ClientAppException): [36mray::ClientAppActor.run()[39m (pid=1504698, ip=115.145.172.224, actor_id=03a138abf811666245eb286201000000, repr=<flwr.simulation.ray_transport.ray_actor.ClientAppActor object at 0x7f6670789a50>)
  File "/home/abdenour/.local/lib/python3.10/site-packages/flwr/client/client_app.py", line 143, in __call__
    return self._call(message, context)
  File "/home/abdenour/.local/lib/python3.10/site-packages/flwr/client/client_app.py", line 126, in ffn
    out_message = handle_legacy_message_from_msgtype(
  File "/home/abdenour/.local/lib/python3.10/site-packages/flwr/client/message_handler/message_handler.py", line 95, in handle_legacy_message_from_msgtype
    client = client_fn(context)
  File "/home/abdenour/SecurityAnalysisFL/src/modules/client.py", line 135, in client_fn
    client_dataset_splits = client_dataset.train_test_split(test_size=0.1, seed=42)
  File "/home/abdenour/.local/lib/python3.10/site-packages/datasets/arrow_dataset.py", line 567, in wrapper
    out: Union["Dataset", "DatasetDict"] = func(self, *args, **kwargs)
  File "/home/abdenour/.local/lib/python3.10/site-packages/datasets/fingerprint.py", line 482, in wrapper
    out = func(dataset, *args, **kwargs)
  File "/home/abdenour/.local/lib/python3.10/site-packages/datasets/arrow_dataset.py", line 4587, in train_test_split
    raise ValueError(
ValueError: With n_samples=1, test_size=0.1 and train_size=None, the resulting train set will be empty. Adjust any of the aforementioned parameters.

The above exception was the direct cause of the following exception:

[36mray::ClientAppActor.run()[39m (pid=1504698, ip=115.145.172.224, actor_id=03a138abf811666245eb286201000000, repr=<flwr.simulation.ray_transport.ray_actor.ClientAppActor object at 0x7f6670789a50>)
  File "/home/abdenour/.local/lib/python3.10/site-packages/flwr/simulation/ray_transport/ray_actor.py", line 63, in run
    raise ClientAppException(str(ex)) from ex
flwr.client.client_app.ClientAppException: 
Exception ClientAppException occurred. Message: With n_samples=1, test_size=0.1 and train_size=None, the resulting train set will be empty. Adjust any of the aforementioned parameters.

[2025-01-06 12:41:13,848][flwr][ERROR] - [36mray::ClientAppActor.run()[39m (pid=1504698, ip=115.145.172.224, actor_id=03a138abf811666245eb286201000000, repr=<flwr.simulation.ray_transport.ray_actor.ClientAppActor object at 0x7f6670789a50>)
  File "/home/abdenour/.local/lib/python3.10/site-packages/flwr/client/client_app.py", line 143, in __call__
    return self._call(message, context)
  File "/home/abdenour/.local/lib/python3.10/site-packages/flwr/client/client_app.py", line 126, in ffn
    out_message = handle_legacy_message_from_msgtype(
  File "/home/abdenour/.local/lib/python3.10/site-packages/flwr/client/message_handler/message_handler.py", line 95, in handle_legacy_message_from_msgtype
    client = client_fn(context)
  File "/home/abdenour/SecurityAnalysisFL/src/modules/client.py", line 135, in client_fn
    client_dataset_splits = client_dataset.train_test_split(test_size=0.1, seed=42)
  File "/home/abdenour/.local/lib/python3.10/site-packages/datasets/arrow_dataset.py", line 567, in wrapper
    out: Union["Dataset", "DatasetDict"] = func(self, *args, **kwargs)
  File "/home/abdenour/.local/lib/python3.10/site-packages/datasets/fingerprint.py", line 482, in wrapper
    out = func(dataset, *args, **kwargs)
  File "/home/abdenour/.local/lib/python3.10/site-packages/datasets/arrow_dataset.py", line 4587, in train_test_split
    raise ValueError(
ValueError: With n_samples=1, test_size=0.1 and train_size=None, the resulting train set will be empty. Adjust any of the aforementioned parameters.

The above exception was the direct cause of the following exception:

[36mray::ClientAppActor.run()[39m (pid=1504698, ip=115.145.172.224, actor_id=03a138abf811666245eb286201000000, repr=<flwr.simulation.ray_transport.ray_actor.ClientAppActor object at 0x7f6670789a50>)
  File "/home/abdenour/.local/lib/python3.10/site-packages/flwr/simulation/ray_transport/ray_actor.py", line 63, in run
    raise ClientAppException(str(ex)) from ex
flwr.client.client_app.ClientAppException: 
Exception ClientAppException occurred. Message: With n_samples=1, test_size=0.1 and train_size=None, the resulting train set will be empty. Adjust any of the aforementioned parameters.
[2025-01-06 12:41:14,138][flwr][INFO] - aggregate_fit: received 1 results and 1 failures
[2025-01-06 12:41:18,928][flwr][INFO] - fit progress: (87, 200.73662543296814, {'accuracy': 0.2052031569716457}, 592.0004537600325)
[2025-01-06 12:41:18,928][flwr][INFO] - configure_evaluate: strategy sampled 2 clients (out of 50)
[2025-01-06 12:41:19,254][flwr][INFO] - aggregate_evaluate: received 2 results and 0 failures
[2025-01-06 12:41:19,255][flwr][INFO] - 
[2025-01-06 12:41:19,255][flwr][INFO] - [ROUND 88]
[2025-01-06 12:41:19,255][flwr][INFO] - configure_fit: strategy sampled 2 clients (out of 50)
[2025-01-06 12:41:20,304][flwr][INFO] - aggregate_fit: received 2 results and 0 failures
[2025-01-06 12:41:25,046][flwr][INFO] - fit progress: (88, 297.47754287719727, {'accuracy': 0.07337035954399299}, 598.1183877279982)
[2025-01-06 12:41:25,046][flwr][INFO] - configure_evaluate: strategy sampled 2 clients (out of 50)
[2025-01-06 12:41:25,350][flwr][INFO] - aggregate_evaluate: received 2 results and 0 failures
[2025-01-06 12:41:25,350][flwr][INFO] - 
[2025-01-06 12:41:25,350][flwr][INFO] - [ROUND 89]
[2025-01-06 12:41:25,350][flwr][INFO] - configure_fit: strategy sampled 2 clients (out of 50)
[2025-01-06 12:41:26,135][flwr][INFO] - aggregate_fit: received 2 results and 0 failures
[2025-01-06 12:41:30,905][flwr][INFO] - fit progress: (89, 218.12558925151825, {'accuracy': 0.1397252265419468}, 603.9774371550302)
[2025-01-06 12:41:30,905][flwr][INFO] - configure_evaluate: strategy sampled 2 clients (out of 50)
[2025-01-06 12:41:31,306][flwr][INFO] - aggregate_evaluate: received 2 results and 0 failures
[2025-01-06 12:41:31,307][flwr][INFO] - 
[2025-01-06 12:41:31,307][flwr][INFO] - [ROUND 90]
[2025-01-06 12:41:31,307][flwr][INFO] - configure_fit: strategy sampled 2 clients (out of 50)
[2025-01-06 12:41:33,039][flwr][INFO] - aggregate_fit: received 2 results and 0 failures
[2025-01-06 12:41:37,789][flwr][INFO] - fit progress: (90, 409.8112316131592, {'accuracy': 0.2098801520023385}, 610.8612377439858)
[2025-01-06 12:41:37,789][flwr][INFO] - configure_evaluate: strategy sampled 2 clients (out of 50)
[2025-01-06 12:41:38,118][flwr][INFO] - aggregate_evaluate: received 2 results and 0 failures
[2025-01-06 12:41:38,118][flwr][INFO] - 
[2025-01-06 12:41:38,118][flwr][INFO] - [ROUND 91]
[2025-01-06 12:41:38,118][flwr][INFO] - configure_fit: strategy sampled 2 clients (out of 50)
[2025-01-06 12:41:41,156][flwr][INFO] - aggregate_fit: received 2 results and 0 failures
[2025-01-06 12:41:45,886][flwr][INFO] - fit progress: (91, 169.89354741573334, {'accuracy': 0.6392867582578193}, 618.9588338310132)
[2025-01-06 12:41:45,887][flwr][INFO] - configure_evaluate: strategy sampled 2 clients (out of 50)
[2025-01-06 12:41:46,202][flwr][INFO] - aggregate_evaluate: received 2 results and 0 failures
[2025-01-06 12:41:46,202][flwr][INFO] - 
[2025-01-06 12:41:46,203][flwr][INFO] - [ROUND 92]
[2025-01-06 12:41:46,203][flwr][INFO] - configure_fit: strategy sampled 2 clients (out of 50)
[2025-01-06 12:41:47,878][flwr][INFO] - aggregate_fit: received 2 results and 0 failures
[2025-01-06 12:41:52,824][flwr][INFO] - fit progress: (92, 209.46956312656403, {'accuracy': 0.27243496053785443}, 625.8966090389877)
[2025-01-06 12:41:52,824][flwr][INFO] - configure_evaluate: strategy sampled 2 clients (out of 50)
[2025-01-06 12:41:53,372][flwr][INFO] - aggregate_evaluate: received 2 results and 0 failures
[2025-01-06 12:41:53,372][flwr][INFO] - 
[2025-01-06 12:41:53,372][flwr][INFO] - [ROUND 93]
[2025-01-06 12:41:53,372][flwr][INFO] - configure_fit: strategy sampled 2 clients (out of 50)
[2025-01-06 12:41:55,714][flwr][INFO] - aggregate_fit: received 2 results and 0 failures
[2025-01-06 12:42:00,468][flwr][INFO] - fit progress: (93, 174.34927105903625, {'accuracy': 0.38497515346389943}, 633.540716587042)
[2025-01-06 12:42:00,468][flwr][INFO] - configure_evaluate: strategy sampled 2 clients (out of 50)
[2025-01-06 12:42:00,857][flwr][INFO] - aggregate_evaluate: received 2 results and 0 failures
[2025-01-06 12:42:00,858][flwr][INFO] - 
[2025-01-06 12:42:00,858][flwr][INFO] - [ROUND 94]
[2025-01-06 12:42:00,858][flwr][INFO] - configure_fit: strategy sampled 2 clients (out of 50)
[2025-01-06 12:42:02,749][flwr][INFO] - aggregate_fit: received 2 results and 0 failures
[2025-01-06 12:42:07,626][flwr][INFO] - fit progress: (94, 209.60804450511932, {'accuracy': 0.42969891844489916}, 640.6985191039857)
[2025-01-06 12:42:07,627][flwr][INFO] - configure_evaluate: strategy sampled 2 clients (out of 50)
[2025-01-06 12:42:08,030][flwr][INFO] - aggregate_evaluate: received 2 results and 0 failures
[2025-01-06 12:42:08,030][flwr][INFO] - 
[2025-01-06 12:42:08,030][flwr][INFO] - [ROUND 95]
[2025-01-06 12:42:08,030][flwr][INFO] - configure_fit: strategy sampled 2 clients (out of 50)
[2025-01-06 12:42:09,038][flwr][INFO] - aggregate_fit: received 2 results and 0 failures
[2025-01-06 12:42:13,819][flwr][INFO] - fit progress: (95, 375.99343848228455, {'accuracy': 0.3314820228003508}, 646.8919643490226)
[2025-01-06 12:42:13,820][flwr][INFO] - configure_evaluate: strategy sampled 2 clients (out of 50)
[2025-01-06 12:42:14,108][flwr][INFO] - aggregate_evaluate: received 2 results and 0 failures
[2025-01-06 12:42:14,108][flwr][INFO] - 
[2025-01-06 12:42:14,108][flwr][INFO] - [ROUND 96]
[2025-01-06 12:42:14,109][flwr][INFO] - configure_fit: strategy sampled 2 clients (out of 50)
[2025-01-06 12:42:14,817][flwr][INFO] - aggregate_fit: received 2 results and 0 failures
[2025-01-06 12:42:19,627][flwr][INFO] - fit progress: (96, 615.2931666374207, {'accuracy': 0.3028354282373575}, 652.6995598030044)
[2025-01-06 12:42:19,627][flwr][INFO] - configure_evaluate: strategy sampled 2 clients (out of 50)
[2025-01-06 12:42:19,936][flwr][INFO] - aggregate_evaluate: received 2 results and 0 failures
[2025-01-06 12:42:19,937][flwr][INFO] - 
[2025-01-06 12:42:19,937][flwr][INFO] - [ROUND 97]
[2025-01-06 12:42:19,937][flwr][INFO] - configure_fit: strategy sampled 2 clients (out of 50)
[2025-01-06 12:42:20,990][flwr][INFO] - aggregate_fit: received 2 results and 0 failures
[2025-01-06 12:42:25,832][flwr][INFO] - fit progress: (97, 279.2460767030716, {'accuracy': 0.42852966968722594}, 658.9050032600062)
[2025-01-06 12:42:25,833][flwr][INFO] - configure_evaluate: strategy sampled 2 clients (out of 50)
[2025-01-06 12:42:26,200][flwr][INFO] - aggregate_evaluate: received 2 results and 0 failures
[2025-01-06 12:42:26,200][flwr][INFO] - 
[2025-01-06 12:42:26,200][flwr][INFO] - [ROUND 98]
[2025-01-06 12:42:26,201][flwr][INFO] - configure_fit: strategy sampled 2 clients (out of 50)
[2025-01-06 12:42:26,280][flwr][ERROR] - Traceback (most recent call last):
  File "/home/abdenour/.local/lib/python3.10/site-packages/flwr/simulation/ray_transport/ray_client_proxy.py", line 94, in _submit_job
    out_mssg, updated_context = self.actor_pool.get_client_result(
  File "/home/abdenour/.local/lib/python3.10/site-packages/flwr/simulation/ray_transport/ray_actor.py", line 398, in get_client_result
    return self._fetch_future_result(cid)
  File "/home/abdenour/.local/lib/python3.10/site-packages/flwr/simulation/ray_transport/ray_actor.py", line 279, in _fetch_future_result
    res_cid, out_mssg, updated_context = ray.get(
  File "/home/abdenour/.local/lib/python3.10/site-packages/ray/_private/auto_init_hook.py", line 21, in auto_init_wrapper
    return fn(*args, **kwargs)
  File "/home/abdenour/.local/lib/python3.10/site-packages/ray/_private/client_mode_hook.py", line 103, in wrapper
    return func(*args, **kwargs)
  File "/home/abdenour/.local/lib/python3.10/site-packages/ray/_private/worker.py", line 2667, in get
    values, debugger_breakpoint = worker.get_objects(object_refs, timeout=timeout)
  File "/home/abdenour/.local/lib/python3.10/site-packages/ray/_private/worker.py", line 864, in get_objects
    raise value.as_instanceof_cause()
ray.exceptions.RayTaskError(ClientAppException): [36mray::ClientAppActor.run()[39m (pid=1504698, ip=115.145.172.224, actor_id=03a138abf811666245eb286201000000, repr=<flwr.simulation.ray_transport.ray_actor.ClientAppActor object at 0x7f6670789a50>)
  File "/home/abdenour/.local/lib/python3.10/site-packages/flwr/client/client_app.py", line 143, in __call__
    return self._call(message, context)
  File "/home/abdenour/.local/lib/python3.10/site-packages/flwr/client/client_app.py", line 126, in ffn
    out_message = handle_legacy_message_from_msgtype(
  File "/home/abdenour/.local/lib/python3.10/site-packages/flwr/client/message_handler/message_handler.py", line 95, in handle_legacy_message_from_msgtype
    client = client_fn(context)
  File "/home/abdenour/SecurityAnalysisFL/src/modules/client.py", line 135, in client_fn
    client_dataset_splits = client_dataset.train_test_split(test_size=0.1, seed=42)
  File "/home/abdenour/.local/lib/python3.10/site-packages/datasets/arrow_dataset.py", line 567, in wrapper
    out: Union["Dataset", "DatasetDict"] = func(self, *args, **kwargs)
  File "/home/abdenour/.local/lib/python3.10/site-packages/datasets/fingerprint.py", line 482, in wrapper
    out = func(dataset, *args, **kwargs)
  File "/home/abdenour/.local/lib/python3.10/site-packages/datasets/arrow_dataset.py", line 4587, in train_test_split
    raise ValueError(
ValueError: With n_samples=1, test_size=0.1 and train_size=None, the resulting train set will be empty. Adjust any of the aforementioned parameters.

The above exception was the direct cause of the following exception:

[36mray::ClientAppActor.run()[39m (pid=1504698, ip=115.145.172.224, actor_id=03a138abf811666245eb286201000000, repr=<flwr.simulation.ray_transport.ray_actor.ClientAppActor object at 0x7f6670789a50>)
  File "/home/abdenour/.local/lib/python3.10/site-packages/flwr/simulation/ray_transport/ray_actor.py", line 63, in run
    raise ClientAppException(str(ex)) from ex
flwr.client.client_app.ClientAppException: 
Exception ClientAppException occurred. Message: With n_samples=1, test_size=0.1 and train_size=None, the resulting train set will be empty. Adjust any of the aforementioned parameters.

[2025-01-06 12:42:26,281][flwr][ERROR] - [36mray::ClientAppActor.run()[39m (pid=1504698, ip=115.145.172.224, actor_id=03a138abf811666245eb286201000000, repr=<flwr.simulation.ray_transport.ray_actor.ClientAppActor object at 0x7f6670789a50>)
  File "/home/abdenour/.local/lib/python3.10/site-packages/flwr/client/client_app.py", line 143, in __call__
    return self._call(message, context)
  File "/home/abdenour/.local/lib/python3.10/site-packages/flwr/client/client_app.py", line 126, in ffn
    out_message = handle_legacy_message_from_msgtype(
  File "/home/abdenour/.local/lib/python3.10/site-packages/flwr/client/message_handler/message_handler.py", line 95, in handle_legacy_message_from_msgtype
    client = client_fn(context)
  File "/home/abdenour/SecurityAnalysisFL/src/modules/client.py", line 135, in client_fn
    client_dataset_splits = client_dataset.train_test_split(test_size=0.1, seed=42)
  File "/home/abdenour/.local/lib/python3.10/site-packages/datasets/arrow_dataset.py", line 567, in wrapper
    out: Union["Dataset", "DatasetDict"] = func(self, *args, **kwargs)
  File "/home/abdenour/.local/lib/python3.10/site-packages/datasets/fingerprint.py", line 482, in wrapper
    out = func(dataset, *args, **kwargs)
  File "/home/abdenour/.local/lib/python3.10/site-packages/datasets/arrow_dataset.py", line 4587, in train_test_split
    raise ValueError(
ValueError: With n_samples=1, test_size=0.1 and train_size=None, the resulting train set will be empty. Adjust any of the aforementioned parameters.

The above exception was the direct cause of the following exception:

[36mray::ClientAppActor.run()[39m (pid=1504698, ip=115.145.172.224, actor_id=03a138abf811666245eb286201000000, repr=<flwr.simulation.ray_transport.ray_actor.ClientAppActor object at 0x7f6670789a50>)
  File "/home/abdenour/.local/lib/python3.10/site-packages/flwr/simulation/ray_transport/ray_actor.py", line 63, in run
    raise ClientAppException(str(ex)) from ex
flwr.client.client_app.ClientAppException: 
Exception ClientAppException occurred. Message: With n_samples=1, test_size=0.1 and train_size=None, the resulting train set will be empty. Adjust any of the aforementioned parameters.
[2025-01-06 12:42:27,915][flwr][INFO] - aggregate_fit: received 1 results and 1 failures
[2025-01-06 12:42:32,878][flwr][INFO] - fit progress: (98, 399.1019537448883, {'accuracy': 0.2826658871674949}, 665.9505835060263)
[2025-01-06 12:42:32,878][flwr][INFO] - configure_evaluate: strategy sampled 2 clients (out of 50)
[2025-01-06 12:42:33,216][flwr][INFO] - aggregate_evaluate: received 2 results and 0 failures
[2025-01-06 12:42:33,216][flwr][INFO] - 
[2025-01-06 12:42:33,216][flwr][INFO] - [ROUND 99]
[2025-01-06 12:42:33,216][flwr][INFO] - configure_fit: strategy sampled 2 clients (out of 50)
[2025-01-06 12:42:34,519][flwr][INFO] - aggregate_fit: received 2 results and 0 failures
[2025-01-06 12:42:39,780][flwr][INFO] - fit progress: (99, 376.5164542198181, {'accuracy': 0.3116047939199065}, 672.8522643930046)
[2025-01-06 12:42:39,780][flwr][INFO] - configure_evaluate: strategy sampled 2 clients (out of 50)
[2025-01-06 12:42:39,872][flwr][ERROR] - Traceback (most recent call last):
  File "/home/abdenour/.local/lib/python3.10/site-packages/flwr/simulation/ray_transport/ray_client_proxy.py", line 94, in _submit_job
    out_mssg, updated_context = self.actor_pool.get_client_result(
  File "/home/abdenour/.local/lib/python3.10/site-packages/flwr/simulation/ray_transport/ray_actor.py", line 398, in get_client_result
    return self._fetch_future_result(cid)
  File "/home/abdenour/.local/lib/python3.10/site-packages/flwr/simulation/ray_transport/ray_actor.py", line 279, in _fetch_future_result
    res_cid, out_mssg, updated_context = ray.get(
  File "/home/abdenour/.local/lib/python3.10/site-packages/ray/_private/auto_init_hook.py", line 21, in auto_init_wrapper
    return fn(*args, **kwargs)
  File "/home/abdenour/.local/lib/python3.10/site-packages/ray/_private/client_mode_hook.py", line 103, in wrapper
    return func(*args, **kwargs)
  File "/home/abdenour/.local/lib/python3.10/site-packages/ray/_private/worker.py", line 2667, in get
    values, debugger_breakpoint = worker.get_objects(object_refs, timeout=timeout)
  File "/home/abdenour/.local/lib/python3.10/site-packages/ray/_private/worker.py", line 864, in get_objects
    raise value.as_instanceof_cause()
ray.exceptions.RayTaskError(ClientAppException): [36mray::ClientAppActor.run()[39m (pid=1504697, ip=115.145.172.224, actor_id=409f3581b9382d3d058a59fa01000000, repr=<flwr.simulation.ray_transport.ray_actor.ClientAppActor object at 0x7f7e5438d930>)
  File "/home/abdenour/.local/lib/python3.10/site-packages/flwr/client/client_app.py", line 143, in __call__
    return self._call(message, context)
  File "/home/abdenour/.local/lib/python3.10/site-packages/flwr/client/client_app.py", line 126, in ffn
    out_message = handle_legacy_message_from_msgtype(
  File "/home/abdenour/.local/lib/python3.10/site-packages/flwr/client/message_handler/message_handler.py", line 95, in handle_legacy_message_from_msgtype
    client = client_fn(context)
  File "/home/abdenour/SecurityAnalysisFL/src/modules/client.py", line 135, in client_fn
    client_dataset_splits = client_dataset.train_test_split(test_size=0.1, seed=42)
  File "/home/abdenour/.local/lib/python3.10/site-packages/datasets/arrow_dataset.py", line 567, in wrapper
    out: Union["Dataset", "DatasetDict"] = func(self, *args, **kwargs)
  File "/home/abdenour/.local/lib/python3.10/site-packages/datasets/fingerprint.py", line 482, in wrapper
    out = func(dataset, *args, **kwargs)
  File "/home/abdenour/.local/lib/python3.10/site-packages/datasets/arrow_dataset.py", line 4587, in train_test_split
    raise ValueError(
ValueError: With n_samples=1, test_size=0.1 and train_size=None, the resulting train set will be empty. Adjust any of the aforementioned parameters.

The above exception was the direct cause of the following exception:

[36mray::ClientAppActor.run()[39m (pid=1504697, ip=115.145.172.224, actor_id=409f3581b9382d3d058a59fa01000000, repr=<flwr.simulation.ray_transport.ray_actor.ClientAppActor object at 0x7f7e5438d930>)
  File "/home/abdenour/.local/lib/python3.10/site-packages/flwr/simulation/ray_transport/ray_actor.py", line 63, in run
    raise ClientAppException(str(ex)) from ex
flwr.client.client_app.ClientAppException: 
Exception ClientAppException occurred. Message: With n_samples=1, test_size=0.1 and train_size=None, the resulting train set will be empty. Adjust any of the aforementioned parameters.

[2025-01-06 12:42:39,873][flwr][ERROR] - [36mray::ClientAppActor.run()[39m (pid=1504697, ip=115.145.172.224, actor_id=409f3581b9382d3d058a59fa01000000, repr=<flwr.simulation.ray_transport.ray_actor.ClientAppActor object at 0x7f7e5438d930>)
  File "/home/abdenour/.local/lib/python3.10/site-packages/flwr/client/client_app.py", line 143, in __call__
    return self._call(message, context)
  File "/home/abdenour/.local/lib/python3.10/site-packages/flwr/client/client_app.py", line 126, in ffn
    out_message = handle_legacy_message_from_msgtype(
  File "/home/abdenour/.local/lib/python3.10/site-packages/flwr/client/message_handler/message_handler.py", line 95, in handle_legacy_message_from_msgtype
    client = client_fn(context)
  File "/home/abdenour/SecurityAnalysisFL/src/modules/client.py", line 135, in client_fn
    client_dataset_splits = client_dataset.train_test_split(test_size=0.1, seed=42)
  File "/home/abdenour/.local/lib/python3.10/site-packages/datasets/arrow_dataset.py", line 567, in wrapper
    out: Union["Dataset", "DatasetDict"] = func(self, *args, **kwargs)
  File "/home/abdenour/.local/lib/python3.10/site-packages/datasets/fingerprint.py", line 482, in wrapper
    out = func(dataset, *args, **kwargs)
  File "/home/abdenour/.local/lib/python3.10/site-packages/datasets/arrow_dataset.py", line 4587, in train_test_split
    raise ValueError(
ValueError: With n_samples=1, test_size=0.1 and train_size=None, the resulting train set will be empty. Adjust any of the aforementioned parameters.

The above exception was the direct cause of the following exception:

[36mray::ClientAppActor.run()[39m (pid=1504697, ip=115.145.172.224, actor_id=409f3581b9382d3d058a59fa01000000, repr=<flwr.simulation.ray_transport.ray_actor.ClientAppActor object at 0x7f7e5438d930>)
  File "/home/abdenour/.local/lib/python3.10/site-packages/flwr/simulation/ray_transport/ray_actor.py", line 63, in run
    raise ClientAppException(str(ex)) from ex
flwr.client.client_app.ClientAppException: 
Exception ClientAppException occurred. Message: With n_samples=1, test_size=0.1 and train_size=None, the resulting train set will be empty. Adjust any of the aforementioned parameters.
[2025-01-06 12:42:40,314][flwr][INFO] - aggregate_evaluate: received 1 results and 1 failures
[2025-01-06 12:42:40,314][flwr][INFO] - 
[2025-01-06 12:42:40,314][flwr][INFO] - [ROUND 100]
[2025-01-06 12:42:40,314][flwr][INFO] - configure_fit: strategy sampled 2 clients (out of 50)
[2025-01-06 12:42:40,908][flwr][INFO] - aggregate_fit: received 2 results and 0 failures
[2025-01-06 12:42:46,231][flwr][INFO] - fit progress: (100, 410.2777433395386, {'accuracy': 0.3054662379421222}, 679.3039717400097)
[2025-01-06 12:42:46,232][flwr][INFO] - configure_evaluate: strategy sampled 2 clients (out of 50)
[2025-01-06 12:42:46,718][flwr][INFO] - aggregate_evaluate: received 2 results and 0 failures
[2025-01-06 12:42:46,719][flwr][INFO] - 
[2025-01-06 12:42:46,719][flwr][INFO] - [SUMMARY]
[2025-01-06 12:42:46,719][flwr][INFO] - Run finished 100 round(s) in 679.79s
[2025-01-06 12:42:46,721][flwr][INFO] - 	History (loss, distributed):
[2025-01-06 12:42:46,722][flwr][INFO] - 		round 1: 1.902567718340003
[2025-01-06 12:42:46,722][flwr][INFO] - 		round 2: 1.1087822773877312
[2025-01-06 12:42:46,722][flwr][INFO] - 		round 3: 2.2362245082855225
[2025-01-06 12:42:46,722][flwr][INFO] - 		round 4: 4.269770319499667
[2025-01-06 12:42:46,722][flwr][INFO] - 		round 5: 1.1675230627474578
[2025-01-06 12:42:46,722][flwr][INFO] - 		round 6: 2.415280282497406
[2025-01-06 12:42:46,722][flwr][INFO] - 		round 7: 5.0842134531806495
[2025-01-06 12:42:46,722][flwr][INFO] - 		round 8: 2.662494076622857
[2025-01-06 12:42:46,722][flwr][INFO] - 		round 9: 3.421912670135498
[2025-01-06 12:42:46,722][flwr][INFO] - 		round 10: 2.073586674704068
[2025-01-06 12:42:46,722][flwr][INFO] - 		round 11: 4.0201324655654584
[2025-01-06 12:42:46,722][flwr][INFO] - 		round 12: 3.2555783150043895
[2025-01-06 12:42:46,722][flwr][INFO] - 		round 13: 2.4481292497596625
[2025-01-06 12:42:46,723][flwr][INFO] - 		round 14: 3.7275164127349854
[2025-01-06 12:42:46,723][flwr][INFO] - 		round 15: 3.4077593900940637
[2025-01-06 12:42:46,723][flwr][INFO] - 		round 16: 1.3665550834727738
[2025-01-06 12:42:46,723][flwr][INFO] - 		round 17: 2.3890415827433267
[2025-01-06 12:42:46,723][flwr][INFO] - 		round 18: 1.8346368415015084
[2025-01-06 12:42:46,723][flwr][INFO] - 		round 19: 2.087701680055305
[2025-01-06 12:42:46,723][flwr][INFO] - 		round 20: 1.1517915353178978
[2025-01-06 12:42:46,723][flwr][INFO] - 		round 21: 1.3102604942321778
[2025-01-06 12:42:46,723][flwr][INFO] - 		round 22: 3.1257740348298975
[2025-01-06 12:42:46,723][flwr][INFO] - 		round 23: 2.3819711984590044
[2025-01-06 12:42:46,723][flwr][INFO] - 		round 24: 4.2475669384002686
[2025-01-06 12:42:46,723][flwr][INFO] - 		round 25: 1.2332005235883925
[2025-01-06 12:42:46,723][flwr][INFO] - 		round 26: 5.462979921480504
[2025-01-06 12:42:46,723][flwr][INFO] - 		round 27: 4.331310470898946
[2025-01-06 12:42:46,723][flwr][INFO] - 		round 28: 1.5389617137286975
[2025-01-06 12:42:46,723][flwr][INFO] - 		round 29: 2.5477634966373444
[2025-01-06 12:42:46,723][flwr][INFO] - 		round 30: 1.7829584912820295
[2025-01-06 12:42:46,723][flwr][INFO] - 		round 31: 4.423849750572527
[2025-01-06 12:42:46,723][flwr][INFO] - 		round 32: 3.590448609104863
[2025-01-06 12:42:46,724][flwr][INFO] - 		round 33: 1.9840930611339969
[2025-01-06 12:42:46,724][flwr][INFO] - 		round 34: 2.524831620129672
[2025-01-06 12:42:46,724][flwr][INFO] - 		round 35: 2.1501660484534044
[2025-01-06 12:42:46,724][flwr][INFO] - 		round 36: 2.3657677380935005
[2025-01-06 12:42:46,724][flwr][INFO] - 		round 37: 7.38726131439209
[2025-01-06 12:42:46,724][flwr][INFO] - 		round 38: 2.4463703685336644
[2025-01-06 12:42:46,724][flwr][INFO] - 		round 39: 1.6449116342946102
[2025-01-06 12:42:46,724][flwr][INFO] - 		round 40: 4.049397319196219
[2025-01-06 12:42:46,724][flwr][INFO] - 		round 41: 0.19308564371683382
[2025-01-06 12:42:46,724][flwr][INFO] - 		round 42: 11.878645750192495
[2025-01-06 12:42:46,724][flwr][INFO] - 		round 43: 2.5558638591920175
[2025-01-06 12:42:46,724][flwr][INFO] - 		round 44: 2.4106976985931396
[2025-01-06 12:42:46,724][flwr][INFO] - 		round 45: 2.0352927095749798
[2025-01-06 12:42:46,724][flwr][INFO] - 		round 46: 3.7343345203915157
[2025-01-06 12:42:46,724][flwr][INFO] - 		round 47: 3.580823499815805
[2025-01-06 12:42:46,724][flwr][INFO] - 		round 48: 0.5966167251269022
[2025-01-06 12:42:46,724][flwr][INFO] - 		round 49: 0.06766508386603423
[2025-01-06 12:42:46,724][flwr][INFO] - 		round 50: 10.579685166052409
[2025-01-06 12:42:46,724][flwr][INFO] - 		round 51: 2.199548231392372
[2025-01-06 12:42:46,724][flwr][INFO] - 		round 52: 2.615277498960495
[2025-01-06 12:42:46,725][flwr][INFO] - 		round 53: 5.503414630889893
[2025-01-06 12:42:46,725][flwr][INFO] - 		round 54: 2.263438582420349
[2025-01-06 12:42:46,725][flwr][INFO] - 		round 55: 6.404598446635457
[2025-01-06 12:42:46,725][flwr][INFO] - 		round 56: 2.448479870955149
[2025-01-06 12:42:46,725][flwr][INFO] - 		round 57: 0.7354075914647963
[2025-01-06 12:42:46,725][flwr][INFO] - 		round 58: 1.9264676794409752
[2025-01-06 12:42:46,725][flwr][INFO] - 		round 59: 5.4350450281369485
[2025-01-06 12:42:46,725][flwr][INFO] - 		round 60: 3.957475619656699
[2025-01-06 12:42:46,725][flwr][INFO] - 		round 61: 5.4818967628479
[2025-01-06 12:42:46,725][flwr][INFO] - 		round 62: 3.3592312335968018
[2025-01-06 12:42:46,725][flwr][INFO] - 		round 63: 1.3106778666377068
[2025-01-06 12:42:46,725][flwr][INFO] - 		round 64: 3.947153850477569
[2025-01-06 12:42:46,725][flwr][INFO] - 		round 65: 2.37211913647859
[2025-01-06 12:42:46,725][flwr][INFO] - 		round 66: 0.34700751304626465
[2025-01-06 12:42:46,725][flwr][INFO] - 		round 67: 1.649317325897587
[2025-01-06 12:42:46,725][flwr][INFO] - 		round 68: 2.937210914565296
[2025-01-06 12:42:46,725][flwr][INFO] - 		round 69: 0.3213179586455226
[2025-01-06 12:42:46,725][flwr][INFO] - 		round 70: 2.0358456617051903
[2025-01-06 12:42:46,725][flwr][INFO] - 		round 71: 4.9635928358350485
[2025-01-06 12:42:46,726][flwr][INFO] - 		round 72: 1.331036639213562
[2025-01-06 12:42:46,726][flwr][INFO] - 		round 73: 1.782156323812094
[2025-01-06 12:42:46,726][flwr][INFO] - 		round 74: 1.5024644136428833
[2025-01-06 12:42:46,726][flwr][INFO] - 		round 75: 2.418965983390808
[2025-01-06 12:42:46,726][flwr][INFO] - 		round 76: 2.6748573516161387
[2025-01-06 12:42:46,726][flwr][INFO] - 		round 77: 0.7824904748371669
[2025-01-06 12:42:46,726][flwr][INFO] - 		round 78: 4.599119202844028
[2025-01-06 12:42:46,726][flwr][INFO] - 		round 79: 1.1278206440339607
[2025-01-06 12:42:46,726][flwr][INFO] - 		round 80: 5.912668059853947
[2025-01-06 12:42:46,726][flwr][INFO] - 		round 81: 2.6778432263268366
[2025-01-06 12:42:46,726][flwr][INFO] - 		round 82: 0.8795434986391375
[2025-01-06 12:42:46,726][flwr][INFO] - 		round 83: 4.3222450289395775
[2025-01-06 12:42:46,726][flwr][INFO] - 		round 84: 3.4190063646861484
[2025-01-06 12:42:46,726][flwr][INFO] - 		round 85: 2.9498012626872345
[2025-01-06 12:42:46,726][flwr][INFO] - 		round 86: 2.510997772216797
[2025-01-06 12:42:46,726][flwr][INFO] - 		round 87: 1.7970539610107223
[2025-01-06 12:42:46,726][flwr][INFO] - 		round 88: 2.3141562322552285
[2025-01-06 12:42:46,726][flwr][INFO] - 		round 89: 2.5552299499511717
[2025-01-06 12:42:46,726][flwr][INFO] - 		round 90: 4.696710526943207
[2025-01-06 12:42:46,727][flwr][INFO] - 		round 91: 1.429739560931921
[2025-01-06 12:42:46,727][flwr][INFO] - 		round 92: 1.923112450259747
[2025-01-06 12:42:46,727][flwr][INFO] - 		round 93: 2.0396874215867786
[2025-01-06 12:42:46,727][flwr][INFO] - 		round 94: 1.0424125372806443
[2025-01-06 12:42:46,727][flwr][INFO] - 		round 95: 5.902614799705711
[2025-01-06 12:42:46,727][flwr][INFO] - 		round 96: 12.012790713991437
[2025-01-06 12:42:46,727][flwr][INFO] - 		round 97: 2.012845375958611
[2025-01-06 12:42:46,727][flwr][INFO] - 		round 98: 1.4781187375386555
[2025-01-06 12:42:46,727][flwr][INFO] - 		round 99: 1.4373645782470703
[2025-01-06 12:42:46,727][flwr][INFO] - 		round 100: 5.697146935249442
[2025-01-06 12:42:46,727][flwr][INFO] - 	History (loss, centralized):
[2025-01-06 12:42:46,727][flwr][INFO] - 		round 0: 223.96407437324524
[2025-01-06 12:42:46,727][flwr][INFO] - 		round 1: 224.4277139902115
[2025-01-06 12:42:46,727][flwr][INFO] - 		round 2: 237.13661527633667
[2025-01-06 12:42:46,727][flwr][INFO] - 		round 3: 300.94249200820923
[2025-01-06 12:42:46,727][flwr][INFO] - 		round 4: 334.908141374588
[2025-01-06 12:42:46,727][flwr][INFO] - 		round 5: 281.6745491027832
[2025-01-06 12:42:46,727][flwr][INFO] - 		round 6: 263.59477734565735
[2025-01-06 12:42:46,727][flwr][INFO] - 		round 7: 476.4197618961334
[2025-01-06 12:42:46,727][flwr][INFO] - 		round 8: 280.53462266921997
[2025-01-06 12:42:46,728][flwr][INFO] - 		round 9: 321.6590759754181
[2025-01-06 12:42:46,728][flwr][INFO] - 		round 10: 209.41858851909637
[2025-01-06 12:42:46,728][flwr][INFO] - 		round 11: 250.8076639175415
[2025-01-06 12:42:46,728][flwr][INFO] - 		round 12: 274.3080567121506
[2025-01-06 12:42:46,728][flwr][INFO] - 		round 13: 305.97626888751984
[2025-01-06 12:42:46,728][flwr][INFO] - 		round 14: 255.75943231582642
[2025-01-06 12:42:46,728][flwr][INFO] - 		round 15: 211.0266649723053
[2025-01-06 12:42:46,728][flwr][INFO] - 		round 16: 248.8086279630661
[2025-01-06 12:42:46,728][flwr][INFO] - 		round 17: 214.61651074886322
[2025-01-06 12:42:46,728][flwr][INFO] - 		round 18: 249.9920028448105
[2025-01-06 12:42:46,728][flwr][INFO] - 		round 19: 218.8132117986679
[2025-01-06 12:42:46,728][flwr][INFO] - 		round 20: 170.53945100307465
[2025-01-06 12:42:46,728][flwr][INFO] - 		round 21: 149.60203450918198
[2025-01-06 12:42:46,728][flwr][INFO] - 		round 22: 229.30369627475739
[2025-01-06 12:42:46,728][flwr][INFO] - 		round 23: 233.80477225780487
[2025-01-06 12:42:46,728][flwr][INFO] - 		round 24: 334.7768335342407
[2025-01-06 12:42:46,728][flwr][INFO] - 		round 25: 198.49998247623444
[2025-01-06 12:42:46,728][flwr][INFO] - 		round 26: 399.3673725128174
[2025-01-06 12:42:46,728][flwr][INFO] - 		round 27: 270.7463289499283
[2025-01-06 12:42:46,728][flwr][INFO] - 		round 28: 193.84845995903015
[2025-01-06 12:42:46,729][flwr][INFO] - 		round 29: 196.72299480438232
[2025-01-06 12:42:46,729][flwr][INFO] - 		round 30: 176.85008335113525
[2025-01-06 12:42:46,729][flwr][INFO] - 		round 31: 357.68864130973816
[2025-01-06 12:42:46,729][flwr][INFO] - 		round 32: 256.4712145328522
[2025-01-06 12:42:46,729][flwr][INFO] - 		round 33: 193.60586786270142
[2025-01-06 12:42:46,729][flwr][INFO] - 		round 34: 174.93598794937134
[2025-01-06 12:42:46,729][flwr][INFO] - 		round 35: 301.5468351840973
[2025-01-06 12:42:46,729][flwr][INFO] - 		round 36: 283.0648707151413
[2025-01-06 12:42:46,729][flwr][INFO] - 		round 37: 530.8687825202942
[2025-01-06 12:42:46,729][flwr][INFO] - 		round 38: 232.55712187290192
[2025-01-06 12:42:46,729][flwr][INFO] - 		round 39: 244.76719284057617
[2025-01-06 12:42:46,729][flwr][INFO] - 		round 40: 253.93243491649628
[2025-01-06 12:42:46,729][flwr][INFO] - 		round 41: 207.55898416042328
[2025-01-06 12:42:46,729][flwr][INFO] - 		round 42: 613.4340784549713
[2025-01-06 12:42:46,729][flwr][INFO] - 		round 43: 255.30061316490173
[2025-01-06 12:42:46,729][flwr][INFO] - 		round 44: 243.44615960121155
[2025-01-06 12:42:46,729][flwr][INFO] - 		round 45: 254.1800445318222
[2025-01-06 12:42:46,729][flwr][INFO] - 		round 46: 229.8146014213562
[2025-01-06 12:42:46,729][flwr][INFO] - 		round 47: 239.85688972473145
[2025-01-06 12:42:46,729][flwr][INFO] - 		round 48: 141.555972635746
[2025-01-06 12:42:46,730][flwr][INFO] - 		round 49: 194.1989489197731
[2025-01-06 12:42:46,730][flwr][INFO] - 		round 50: 395.75348031520844
[2025-01-06 12:42:46,730][flwr][INFO] - 		round 51: 276.34034419059753
[2025-01-06 12:42:46,730][flwr][INFO] - 		round 52: 268.02098059654236
[2025-01-06 12:42:46,730][flwr][INFO] - 		round 53: 246.59211778640747
[2025-01-06 12:42:46,730][flwr][INFO] - 		round 54: 228.85974192619324
[2025-01-06 12:42:46,730][flwr][INFO] - 		round 55: 471.77090668678284
[2025-01-06 12:42:46,730][flwr][INFO] - 		round 56: 328.83379209041595
[2025-01-06 12:42:46,730][flwr][INFO] - 		round 57: 169.3042475581169
[2025-01-06 12:42:46,730][flwr][INFO] - 		round 58: 245.37441098690033
[2025-01-06 12:42:46,730][flwr][INFO] - 		round 59: 297.43217754364014
[2025-01-06 12:42:46,730][flwr][INFO] - 		round 60: 480.16045904159546
[2025-01-06 12:42:46,730][flwr][INFO] - 		round 61: 503.32199215888977
[2025-01-06 12:42:46,730][flwr][INFO] - 		round 62: 188.01854479312897
[2025-01-06 12:42:46,730][flwr][INFO] - 		round 63: 361.1175560951233
[2025-01-06 12:42:46,730][flwr][INFO] - 		round 64: 355.8623414039612
[2025-01-06 12:42:46,730][flwr][INFO] - 		round 65: 341.59576296806335
[2025-01-06 12:42:46,730][flwr][INFO] - 		round 66: 131.70951902866364
[2025-01-06 12:42:46,730][flwr][INFO] - 		round 67: 137.3417528271675
[2025-01-06 12:42:46,730][flwr][INFO] - 		round 68: 168.97010016441345
[2025-01-06 12:42:46,731][flwr][INFO] - 		round 69: 165.53018283843994
[2025-01-06 12:42:46,731][flwr][INFO] - 		round 70: 391.65628147125244
[2025-01-06 12:42:46,731][flwr][INFO] - 		round 71: 351.8880990743637
[2025-01-06 12:42:46,731][flwr][INFO] - 		round 72: 184.69235610961914
[2025-01-06 12:42:46,731][flwr][INFO] - 		round 73: 202.1672854423523
[2025-01-06 12:42:46,731][flwr][INFO] - 		round 74: 188.40664207935333
[2025-01-06 12:42:46,731][flwr][INFO] - 		round 75: 143.09204506874084
[2025-01-06 12:42:46,731][flwr][INFO] - 		round 76: 152.45363306999207
[2025-01-06 12:42:46,731][flwr][INFO] - 		round 77: 168.54239523410797
[2025-01-06 12:42:46,731][flwr][INFO] - 		round 78: 300.5975207090378
[2025-01-06 12:42:46,731][flwr][INFO] - 		round 79: 165.8942836523056
[2025-01-06 12:42:46,731][flwr][INFO] - 		round 80: 368.64098620414734
[2025-01-06 12:42:46,731][flwr][INFO] - 		round 81: 223.03077805042267
[2025-01-06 12:42:46,731][flwr][INFO] - 		round 82: 194.77977859973907
[2025-01-06 12:42:46,731][flwr][INFO] - 		round 83: 203.2697709798813
[2025-01-06 12:42:46,731][flwr][INFO] - 		round 84: 250.76493632793427
[2025-01-06 12:42:46,731][flwr][INFO] - 		round 85: 345.8709616661072
[2025-01-06 12:42:46,731][flwr][INFO] - 		round 86: 218.27002573013306
[2025-01-06 12:42:46,731][flwr][INFO] - 		round 87: 200.73662543296814
[2025-01-06 12:42:46,731][flwr][INFO] - 		round 88: 297.47754287719727
[2025-01-06 12:42:46,732][flwr][INFO] - 		round 89: 218.12558925151825
[2025-01-06 12:42:46,732][flwr][INFO] - 		round 90: 409.8112316131592
[2025-01-06 12:42:46,732][flwr][INFO] - 		round 91: 169.89354741573334
[2025-01-06 12:42:46,732][flwr][INFO] - 		round 92: 209.46956312656403
[2025-01-06 12:42:46,732][flwr][INFO] - 		round 93: 174.34927105903625
[2025-01-06 12:42:46,732][flwr][INFO] - 		round 94: 209.60804450511932
[2025-01-06 12:42:46,732][flwr][INFO] - 		round 95: 375.99343848228455
[2025-01-06 12:42:46,732][flwr][INFO] - 		round 96: 615.2931666374207
[2025-01-06 12:42:46,732][flwr][INFO] - 		round 97: 279.2460767030716
[2025-01-06 12:42:46,732][flwr][INFO] - 		round 98: 399.1019537448883
[2025-01-06 12:42:46,732][flwr][INFO] - 		round 99: 376.5164542198181
[2025-01-06 12:42:46,732][flwr][INFO] - 		round 100: 410.2777433395386
[2025-01-06 12:42:46,732][flwr][INFO] - 	History (metrics, distributed, evaluate):
[2025-01-06 12:42:46,732][flwr][INFO] - 	{'accuracy': [(1, 0.2608695652173913),
[2025-01-06 12:42:46,732][flwr][INFO] - 	              (2, 0.7647058823529411),
[2025-01-06 12:42:46,732][flwr][INFO] - 	              (3, 0.0),
[2025-01-06 12:42:46,732][flwr][INFO] - 	              (4, 0.0),
[2025-01-06 12:42:46,732][flwr][INFO] - 	              (5, 0.7391304347826086),
[2025-01-06 12:42:46,732][flwr][INFO] - 	              (6, 0.0625),
[2025-01-06 12:42:46,732][flwr][INFO] - 	              (7, 0.058823529411764705),
[2025-01-06 12:42:46,733][flwr][INFO] - 	              (8, 0.05555555555555555),
[2025-01-06 12:42:46,733][flwr][INFO] - 	              (9, 0.0),
[2025-01-06 12:42:46,733][flwr][INFO] - 	              (10, 0.043478260869565216),
[2025-01-06 12:42:46,733][flwr][INFO] - 	              (11, 0.48936170212765956),
[2025-01-06 12:42:46,733][flwr][INFO] - 	              (12, 0.0),
[2025-01-06 12:42:46,733][flwr][INFO] - 	              (13, 0.654320987654321),
[2025-01-06 12:42:46,733][flwr][INFO] - 	              (14, 0.10526315789473684),
[2025-01-06 12:42:46,733][flwr][INFO] - 	              (15, 0.09090909090909091),
[2025-01-06 12:42:46,733][flwr][INFO] - 	              (16, 0.4716981132075472),
[2025-01-06 12:42:46,733][flwr][INFO] - 	              (17, 0.31111111111111117),
[2025-01-06 12:42:46,733][flwr][INFO] - 	              (18, 0.4523809523809524),
[2025-01-06 12:42:46,733][flwr][INFO] - 	              (19, 0.4925373134328358),
[2025-01-06 12:42:46,733][flwr][INFO] - 	              (20, 0.7638888888888888),
[2025-01-06 12:42:46,733][flwr][INFO] - 	              (21, 0.72),
[2025-01-06 12:42:46,733][flwr][INFO] - 	              (22, 0.5233644859813084),
[2025-01-06 12:42:46,733][flwr][INFO] - 	              (23, 0.3023255813953488),
[2025-01-06 12:42:46,733][flwr][INFO] - 	              (24, 0.13725490196078433),
[2025-01-06 12:42:46,733][flwr][INFO] - 	              (25, 0.7777777777777778),
[2025-01-06 12:42:46,733][flwr][INFO] - 	              (26, 0.07317073170731707),
[2025-01-06 12:42:46,734][flwr][INFO] - 	              (27, 0.1111111111111111),
[2025-01-06 12:42:46,734][flwr][INFO] - 	              (28, 0.391304347826087),
[2025-01-06 12:42:46,734][flwr][INFO] - 	              (29, 0.0),
[2025-01-06 12:42:46,734][flwr][INFO] - 	              (30, 0.13636363636363635),
[2025-01-06 12:42:46,734][flwr][INFO] - 	              (31, 0.028169014084507043),
[2025-01-06 12:42:46,734][flwr][INFO] - 	              (32, 0.037037037037037035),
[2025-01-06 12:42:46,734][flwr][INFO] - 	              (33, 0.1044776119402985),
[2025-01-06 12:42:46,734][flwr][INFO] - 	              (34, 0.09090909090909091),
[2025-01-06 12:42:46,734][flwr][INFO] - 	              (35, 0.38461538461538464),
[2025-01-06 12:42:46,734][flwr][INFO] - 	              (36, 0.5434782608695652),
[2025-01-06 12:42:46,734][flwr][INFO] - 	              (37, 0.0),
[2025-01-06 12:42:46,734][flwr][INFO] - 	              (38, 0.4888888888888889),
[2025-01-06 12:42:46,734][flwr][INFO] - 	              (39, 0.6842105263157895),
[2025-01-06 12:42:46,734][flwr][INFO] - 	              (40, 0.07228915662650602),
[2025-01-06 12:42:46,734][flwr][INFO] - 	              (41, 0.9504132231404959),
[2025-01-06 12:42:46,734][flwr][INFO] - 	              (42, 0.09615384615384616),
[2025-01-06 12:42:46,734][flwr][INFO] - 	              (43, 0.5698924731182796),
[2025-01-06 12:42:46,734][flwr][INFO] - 	              (44, 0.125),
[2025-01-06 12:42:46,734][flwr][INFO] - 	              (45, 0.35294117647058826),
[2025-01-06 12:42:46,734][flwr][INFO] - 	              (46, 0.10810810810810811),
[2025-01-06 12:42:46,735][flwr][INFO] - 	              (47, 0.29523809523809524),
[2025-01-06 12:42:46,735][flwr][INFO] - 	              (48, 0.8235294117647058),
[2025-01-06 12:42:46,735][flwr][INFO] - 	              (49, 1.0),
[2025-01-06 12:42:46,735][flwr][INFO] - 	              (50, 0.05714285714285714),
[2025-01-06 12:42:46,735][flwr][INFO] - 	              (51, 0.3048780487804878),
[2025-01-06 12:42:46,735][flwr][INFO] - 	              (52, 0.5),
[2025-01-06 12:42:46,735][flwr][INFO] - 	              (53, 0.2903225806451613),
[2025-01-06 12:42:46,735][flwr][INFO] - 	              (54, 0.28),
[2025-01-06 12:42:46,735][flwr][INFO] - 	              (55, 0.18181818181818182),
[2025-01-06 12:42:46,735][flwr][INFO] - 	              (56, 0.2222222222222222),
[2025-01-06 12:42:46,735][flwr][INFO] - 	              (57, 0.8571428571428571),
[2025-01-06 12:42:46,735][flwr][INFO] - 	              (58, 0.09090909090909091),
[2025-01-06 12:42:46,735][flwr][INFO] - 	              (59, 0.01694915254237288),
[2025-01-06 12:42:46,735][flwr][INFO] - 	              (60, 0.5714285714285714),
[2025-01-06 12:42:46,735][flwr][INFO] - 	              (61, 0.04),
[2025-01-06 12:42:46,735][flwr][INFO] - 	              (62, 0.0),
[2025-01-06 12:42:46,735][flwr][INFO] - 	              (63, 0.58),
[2025-01-06 12:42:46,735][flwr][INFO] - 	              (64, 0.02040816326530612),
[2025-01-06 12:42:46,735][flwr][INFO] - 	              (65, 0.057971014492753624),
[2025-01-06 12:42:46,735][flwr][INFO] - 	              (66, 0.875),
[2025-01-06 12:42:46,736][flwr][INFO] - 	              (67, 0.8640776699029126),
[2025-01-06 12:42:46,736][flwr][INFO] - 	              (68, 0.0),
[2025-01-06 12:42:46,736][flwr][INFO] - 	              (69, 0.8541666666666666),
[2025-01-06 12:42:46,736][flwr][INFO] - 	              (70, 0.36363636363636365),
[2025-01-06 12:42:46,736][flwr][INFO] - 	              (71, 0.14285714285714285),
[2025-01-06 12:42:46,736][flwr][INFO] - 	              (72, 0.65),
[2025-01-06 12:42:46,736][flwr][INFO] - 	              (73, 0.42168674698795183),
[2025-01-06 12:42:46,736][flwr][INFO] - 	              (74, 0.40625),
[2025-01-06 12:42:46,736][flwr][INFO] - 	              (75, 0.03333333333333333),
[2025-01-06 12:42:46,736][flwr][INFO] - 	              (76, 0.4198473282442748),
[2025-01-06 12:42:46,736][flwr][INFO] - 	              (77, 0.6428571428571429),
[2025-01-06 12:42:46,736][flwr][INFO] - 	              (78, 0.0),
[2025-01-06 12:42:46,736][flwr][INFO] - 	              (79, 0.6867469879518072),
[2025-01-06 12:42:46,736][flwr][INFO] - 	              (80, 0.0),
[2025-01-06 12:42:46,736][flwr][INFO] - 	              (81, 0.022222222222222223),
[2025-01-06 12:42:46,736][flwr][INFO] - 	              (82, 0.5645161290322581),
[2025-01-06 12:42:46,736][flwr][INFO] - 	              (83, 0.0297029702970297),
[2025-01-06 12:42:46,736][flwr][INFO] - 	              (84, 0.2857142857142857),
[2025-01-06 12:42:46,736][flwr][INFO] - 	              (85, 0.029411764705882353),
[2025-01-06 12:42:46,736][flwr][INFO] - 	              (86, 0.08333333333333333),
[2025-01-06 12:42:46,736][flwr][INFO] - 	              (87, 0.3116883116883117),
[2025-01-06 12:42:46,737][flwr][INFO] - 	              (88, 0.0),
[2025-01-06 12:42:46,737][flwr][INFO] - 	              (89, 0.02),
[2025-01-06 12:42:46,737][flwr][INFO] - 	              (90, 0.09375),
[2025-01-06 12:42:46,737][flwr][INFO] - 	              (91, 0.59375),
[2025-01-06 12:42:46,737][flwr][INFO] - 	              (92, 0.12871287128712872),
[2025-01-06 12:42:46,737][flwr][INFO] - 	              (93, 0.3333333333333333),
[2025-01-06 12:42:46,737][flwr][INFO] - 	              (94, 0.6261682242990654),
[2025-01-06 12:42:46,737][flwr][INFO] - 	              (95, 0.0),
[2025-01-06 12:42:46,737][flwr][INFO] - 	              (96, 0.0),
[2025-01-06 12:42:46,737][flwr][INFO] - 	              (97, 0.36764705882352944),
[2025-01-06 12:42:46,737][flwr][INFO] - 	              (98, 0.5555555555555556),
[2025-01-06 12:42:46,737][flwr][INFO] - 	              (99, 0.7333333333333333),
[2025-01-06 12:42:46,737][flwr][INFO] - 	              (100, 0.07462686567164178)]}
[2025-01-06 12:42:46,737][flwr][INFO] - 	History (metrics, centralized):
[2025-01-06 12:42:46,737][flwr][INFO] - 	{'accuracy': [(0, 0.10201695410698626),
[2025-01-06 12:42:46,737][flwr][INFO] - 	              (1, 0.0926629640456007),
[2025-01-06 12:42:46,737][flwr][INFO] - 	              (2, 0.14410990938322127),
[2025-01-06 12:42:46,737][flwr][INFO] - 	              (3, 0.0710318620286466),
[2025-01-06 12:42:46,737][flwr][INFO] - 	              (4, 0.09938614440222157),
[2025-01-06 12:42:46,738][flwr][INFO] - 	              (5, 0.310143232972815),
[2025-01-06 12:42:46,738][flwr][INFO] - 	              (6, 0.1683718211049401),
[2025-01-06 12:42:46,738][flwr][INFO] - 	              (7, 0.16924875767319497),
[2025-01-06 12:42:46,738][flwr][INFO] - 	              (8, 0.16924875767319497),
[2025-01-06 12:42:46,738][flwr][INFO] - 	              (9, 0.17480268927214265),
[2025-01-06 12:42:46,738][flwr][INFO] - 	              (10, 0.2315112540192926),
[2025-01-06 12:42:46,738][flwr][INFO] - 	              (11, 0.3250511546331482),
[2025-01-06 12:42:46,738][flwr][INFO] - 	              (12, 0.17567962584039754),
[2025-01-06 12:42:46,738][flwr][INFO] - 	              (13, 0.4890382928968138),
[2025-01-06 12:42:46,738][flwr][INFO] - 	              (14, 0.48640748319204913),
[2025-01-06 12:42:46,738][flwr][INFO] - 	              (15, 0.32066647179187374),
[2025-01-06 12:42:46,738][flwr][INFO] - 	              (16, 0.323881905875475),
[2025-01-06 12:42:46,738][flwr][INFO] - 	              (17, 0.21455714703303128),
[2025-01-06 12:42:46,738][flwr][INFO] - 	              (18, 0.35428237357497805),
[2025-01-06 12:42:46,738][flwr][INFO] - 	              (19, 0.4174218064893306),
[2025-01-06 12:42:46,738][flwr][INFO] - 	              (20, 0.4913767904121602),
[2025-01-06 12:42:46,738][flwr][INFO] - 	              (21, 0.5890090616778719),
[2025-01-06 12:42:46,738][flwr][INFO] - 	              (22, 0.6270096463022508),
[2025-01-06 12:42:46,738][flwr][INFO] - 	              (23, 0.4238526746565332),
[2025-01-06 12:42:46,738][flwr][INFO] - 	              (24, 0.28821981876644254),
[2025-01-06 12:42:46,738][flwr][INFO] - 	              (25, 0.4314527915814089),
[2025-01-06 12:42:46,739][flwr][INFO] - 	              (26, 0.36451330020461853),
[2025-01-06 12:42:46,739][flwr][INFO] - 	              (27, 0.2972814966384098),
[2025-01-06 12:42:46,739][flwr][INFO] - 	              (28, 0.30371236480561237),
[2025-01-06 12:42:46,739][flwr][INFO] - 	              (29, 0.35135925168079507),
[2025-01-06 12:42:46,739][flwr][INFO] - 	              (30, 0.3893598363051739),
[2025-01-06 12:42:46,739][flwr][INFO] - 	              (31, 0.35895936860567085),
[2025-01-06 12:42:46,739][flwr][INFO] - 	              (32, 0.2531423560362467),
[2025-01-06 12:42:46,739][flwr][INFO] - 	              (33, 0.22011107863197896),
[2025-01-06 12:42:46,739][flwr][INFO] - 	              (34, 0.3422975738088278),
[2025-01-06 12:42:46,739][flwr][INFO] - 	              (35, 0.551885413621748),
[2025-01-06 12:42:46,739][flwr][INFO] - 	              (36, 0.34375913475591935),
[2025-01-06 12:42:46,739][flwr][INFO] - 	              (37, 0.11429406606255481),
[2025-01-06 12:42:46,739][flwr][INFO] - 	              (38, 0.36714410990938323),
[2025-01-06 12:42:46,739][flwr][INFO] - 	              (39, 0.5515931014323298),
[2025-01-06 12:42:46,739][flwr][INFO] - 	              (40, 0.3256357790119848),
[2025-01-06 12:42:46,739][flwr][INFO] - 	              (41, 0.5495469161064016),
[2025-01-06 12:42:46,739][flwr][INFO] - 	              (42, 0.31657410114001755),
[2025-01-06 12:42:46,739][flwr][INFO] - 	              (43, 0.4361297866121017),
[2025-01-06 12:42:46,739][flwr][INFO] - 	              (44, 0.2537269804150833),
[2025-01-06 12:42:46,739][flwr][INFO] - 	              (45, 0.22771119555685473),
[2025-01-06 12:42:46,739][flwr][INFO] - 	              (46, 0.27565039462145574),
[2025-01-06 12:42:46,740][flwr][INFO] - 	              (47, 0.24144986845951477),
[2025-01-06 12:42:46,740][flwr][INFO] - 	              (48, 0.5618240280619702),
[2025-01-06 12:42:46,740][flwr][INFO] - 	              (49, 0.349313066354867),
[2025-01-06 12:42:46,740][flwr][INFO] - 	              (50, 0.22654194679918152),
[2025-01-06 12:42:46,740][flwr][INFO] - 	              (51, 0.4653610055539316),
[2025-01-06 12:42:46,740][flwr][INFO] - 	              (52, 0.38526746565331776),
[2025-01-06 12:42:46,740][flwr][INFO] - 	              (53, 0.41216018707980123),
[2025-01-06 12:42:46,740][flwr][INFO] - 	              (54, 0.3969599532300497),
[2025-01-06 12:42:46,740][flwr][INFO] - 	              (55, 0.3004969307220111),
[2025-01-06 12:42:46,740][flwr][INFO] - 	              (56, 0.31803566208710904),
[2025-01-06 12:42:46,740][flwr][INFO] - 	              (57, 0.4390529085062847),
[2025-01-06 12:42:46,740][flwr][INFO] - 	              (58, 0.2110494007600117),
[2025-01-06 12:42:46,740][flwr][INFO] - 	              (59, 0.4042677579655072),
[2025-01-06 12:42:46,740][flwr][INFO] - 	              (60, 0.33762057877813506),
[2025-01-06 12:42:46,740][flwr][INFO] - 	              (61, 0.2101724641917568),
[2025-01-06 12:42:46,740][flwr][INFO] - 	              (62, 0.5124232680502777),
[2025-01-06 12:42:46,740][flwr][INFO] - 	              (63, 0.19731072785735165),
[2025-01-06 12:42:46,741][flwr][INFO] - 	              (64, 0.17860274773458054),
[2025-01-06 12:42:46,741][flwr][INFO] - 	              (65, 0.2575270388775212),
[2025-01-06 12:42:46,741][flwr][INFO] - 	              (66, 0.6261327097339959),
[2025-01-06 12:42:46,741][flwr][INFO] - 	              (67, 0.5904706226249634),
[2025-01-06 12:42:46,741][flwr][INFO] - 	              (68, 0.3890675241157556),
[2025-01-06 12:42:46,741][flwr][INFO] - 	              (69, 0.37854428529669687),
[2025-01-06 12:42:46,741][flwr][INFO] - 	              (70, 0.31803566208710904),
[2025-01-06 12:42:46,741][flwr][INFO] - 	              (71, 0.2937737503653902),
[2025-01-06 12:42:46,741][flwr][INFO] - 	              (72, 0.3040046769950307),
[2025-01-06 12:42:46,741][flwr][INFO] - 	              (73, 0.3007892429114294),
[2025-01-06 12:42:46,741][flwr][INFO] - 	              (74, 0.3235895936860567),
[2025-01-06 12:42:46,741][flwr][INFO] - 	              (75, 0.5308389359836305),
[2025-01-06 12:42:46,741][flwr][INFO] - 	              (76, 0.5171002630809705),
[2025-01-06 12:42:46,741][flwr][INFO] - 	              (77, 0.34112832505115465),
[2025-01-06 12:42:46,741][flwr][INFO] - 	              (78, 0.17480268927214265),
[2025-01-06 12:42:46,741][flwr][INFO] - 	              (79, 0.4218064893306051),
[2025-01-06 12:42:46,741][flwr][INFO] - 	              (80, 0.32885121309558607),
[2025-01-06 12:42:46,741][flwr][INFO] - 	              (81, 0.3314820228003508),
[2025-01-06 12:42:46,741][flwr][INFO] - 	              (82, 0.35282081262788656),
[2025-01-06 12:42:46,741][flwr][INFO] - 	              (83, 0.33820520315697167),
[2025-01-06 12:42:46,742][flwr][INFO] - 	              (84, 0.2361882490499854),
[2025-01-06 12:42:46,742][flwr][INFO] - 	              (85, 0.22449576147325342),
[2025-01-06 12:42:46,742][flwr][INFO] - 	              (86, 0.24115755627009647),
[2025-01-06 12:42:46,742][flwr][INFO] - 	              (87, 0.2052031569716457),
[2025-01-06 12:42:46,742][flwr][INFO] - 	              (88, 0.07337035954399299),
[2025-01-06 12:42:46,742][flwr][INFO] - 	              (89, 0.1397252265419468),
[2025-01-06 12:42:46,742][flwr][INFO] - 	              (90, 0.2098801520023385),
[2025-01-06 12:42:46,742][flwr][INFO] - 	              (91, 0.6392867582578193),
[2025-01-06 12:42:46,742][flwr][INFO] - 	              (92, 0.27243496053785443),
[2025-01-06 12:42:46,742][flwr][INFO] - 	              (93, 0.38497515346389943),
[2025-01-06 12:42:46,742][flwr][INFO] - 	              (94, 0.42969891844489916),
[2025-01-06 12:42:46,742][flwr][INFO] - 	              (95, 0.3314820228003508),
[2025-01-06 12:42:46,742][flwr][INFO] - 	              (96, 0.3028354282373575),
[2025-01-06 12:42:46,742][flwr][INFO] - 	              (97, 0.42852966968722594),
[2025-01-06 12:42:46,742][flwr][INFO] - 	              (98, 0.2826658871674949),
[2025-01-06 12:42:46,742][flwr][INFO] - 	              (99, 0.3116047939199065),
[2025-01-06 12:42:46,742][flwr][INFO] - 	              (100, 0.3054662379421222)]}
[2025-01-06 12:42:46,742][flwr][INFO] - 
